#
# A fatal error has been detected by the Java Runtime Environment:
#
#  EXCEPTION_ACCESS_VIOLATION (0xc0000005) at pc=0x0000027c1343e17e, pid=22960, tid=14496
#
# JRE version: Java(TM) SE Runtime Environment (17.0.5+9) (build 17.0.5+9-LTS-191)
# Java VM: Java HotSpot(TM) 64-Bit Server VM (17.0.5+9-LTS-191, mixed mode, sharing, tiered, compressed oops, compressed class ptrs, g1 gc, windows-amd64)
# Problematic frame:
# J 345 c1 jdk.internal.misc.Unsafe.getInt(J)I java.base@17.0.5 (7 bytes) @ 0x0000027c1343e17e [0x0000027c1343e120+0x000000000000005e]
#
# No core dump will be written. Minidumps are not enabled by default on client versions of Windows
#
# If you would like to submit a bug report, please visit:
#   https://bugreport.java.com/bugreport/crash.jsp
#

---------------  S U M M A R Y ------------

Command Line: -javaagent:C:\Users\singx\AppData\Local\JetBrains\Toolbox\apps\IDEA-U\ch-0\231.9011.34\lib\idea_rt.jar=52341:C:\Users\singx\AppData\Local\JetBrains\Toolbox\apps\IDEA-U\ch-0\231.9011.34\bin -Dfile.encoding=UTF-8 top.integer.gulimall.auth.controller.Main

Host: Intel(R) Core(TM) i7-10710U CPU @ 1.10GHz, 12 cores, 15G,  Windows 11 , 64 bit Build 22621 (10.0.22621.1778)
Time: Fri Jun 16 18:06:38 2023  Windows 11 , 64 bit Build 22621 (10.0.22621.1778) elapsed time: 0.203883 seconds (0d 0h 0m 0s)

---------------  T H R E A D  ---------------

Current thread (0x0000027c0b5d3c40):  JavaThread "main" [_thread_in_Java, id=14496, stack(0x000000ca1f300000,0x000000ca1f400000)]

Stack: [0x000000ca1f300000,0x000000ca1f400000],  sp=0x000000ca1f3ff480,  free space=1021k
Native frames: (J=compiled Java code, j=interpreted, Vv=VM code, C=native code)
C  0x0000027c1343e17e


siginfo: EXCEPTION_ACCESS_VIOLATION (0xc0000005), reading address 0x0000000000000000


Register to memory mapping:

RIP=0x0000027c1343e17e is at entry_point+94 in (nmethod*)0x0000027c1343df90
RAX=0x0 is NULL
RBX={method} {0x0000000800415308} 'getInt' '(J)I' in 'jdk/internal/misc/Unsafe'
RCX=0x000000071240c8e0 is an oop: jdk.internal.misc.Unsafe 
{0x000000071240c8e0} - klass: 'jdk/internal/misc/Unsafe'
 - ---- fields (total size 2 words):
RDX=0x000000071240c8e0 is an oop: jdk.internal.misc.Unsafe 
{0x000000071240c8e0} - klass: 'jdk/internal/misc/Unsafe'
 - ---- fields (total size 2 words):
RSP=0x000000ca1f3ff480 is pointing into the stack for thread: 0x0000027c0b5d3c40
RBP=0x000000ca1f3ff530 is pointing into the stack for thread: 0x0000027c0b5d3c40
RSI=0x0000000000000172 is an unknown value
RDI=0x0000027c12e39657 is at code_begin+1463 in an Interpreter codelet
return entry points  [0x0000027c12e390a0, 0x0000027c12e39ba0]  2816 bytes
R8 =0x0 is NULL
R9 =0x0000000000000002 is an unknown value
R10=0x00007ffa374ddd40 jvm.dll
R11=0x0000027c1343e140 is at entry_point+32 in (nmethod*)0x0000027c1343df90
R12=0x0 is NULL
R13=0x000000ca1f3ff4d0 is pointing into the stack for thread: 0x0000027c0b5d3c40
R14=0x000000ca1f3ff550 is pointing into the stack for thread: 0x0000027c0b5d3c40
R15=0x0000027c0b5d3c40 is a thread


Registers:
RAX=0x0000000000000000, RBX=0x0000000800415300, RCX=0x000000071240c8e0, RDX=0x000000071240c8e0
RSP=0x000000ca1f3ff480, RBP=0x000000ca1f3ff530, RSI=0x0000000000000172, RDI=0x0000027c12e39657
R8 =0x0000000000000000, R9 =0x0000000000000002, R10=0x00007ffa374ddd40, R11=0x0000027c1343e140
R12=0x0000000000000000, R13=0x000000ca1f3ff4d0, R14=0x000000ca1f3ff550, R15=0x0000027c0b5d3c40
RIP=0x0000027c1343e17e, EFLAGS=0x0000000000010206

Top of Stack: (sp=0x000000ca1f3ff480)
0x000000ca1f3ff480:   000000ca1f3ff550 0000027c12e39657
0x000000ca1f3ff490:   000000ca1f3ff530 0000027c12e49e2c
0x000000ca1f3ff4a0:   000000ca1f3ff550 00000000000000b6
0x000000ca1f3ff4b0:   000000ca1f3ff530 0000027c12e39612
0x000000ca1f3ff4c0:   0000027c2e896c20 0000027c12e39612
0x000000ca1f3ff4d0:   0000000000000000 0000000000000000
0x000000ca1f3ff4e0:   000000071240c8e0 000000ca1f3ff4e8
0x000000ca1f3ff4f0:   0000027c2e896bf4 000000ca1f3ff550
0x000000ca1f3ff500:   0000027c2e89a550 0000000000000000
0x000000ca1f3ff510:   0000000711aad160 0000027c2e896c20
0x000000ca1f3ff520:   000000ca1f3ff4d0 000000ca1f3ff540
0x000000ca1f3ff530:   000000ca1f3ff5a8 0000027c12e39612
0x000000ca1f3ff540:   0000000000000000 0000000000000000
0x000000ca1f3ff550:   0000000711aae358 0000000712443d90
0x000000ca1f3ff560:   000000ca1f3ff560 0000027c2ec03519
0x000000ca1f3ff570:   000000ca1f3ff5e0 0000027c2ec03640 

Instructions: (pc=0x0000027c1343e17e)
0x0000027c1343e07e:   00 00 70 02 00 00 3b 02 00 00 90 01 00 00 70 02
0x0000027c1343e08e:   00 00 a8 02 00 00 a8 02 00 00 00 00 00 00 c0 02
0x0000027c1343e09e:   00 00 f0 02 00 00 f8 02 00 00 f8 02 00 00 f8 02
0x0000027c1343e0ae:   00 00 f8 02 00 00 f8 02 00 00 f8 02 00 00 28 00
0x0000027c1343e0be:   00 00 59 01 00 00 03 00 00 00 00 00 00 00 02 00
0x0000027c1343e0ce:   00 00 00 00 00 00 00 00 00 00 e0 01 00 00 02 00
0x0000027c1343e0de:   00 00 ff ff ff ff ff ff ff ff 14 60 18 c0 28 10
0x0000027c1343e0ee:   13 b0 0e c0 17 64 2c f0 07 80 11 64 29 64 13 00
0x0000027c1343e0fe:   00 64 03 f8 29 37 80 6e fa 7f 05 70 0e 60 01 f8
0x0000027c1343e10e:   7e ff 0e 90 0c 64 00 00 00 00 00 00 00 00 00 00
0x0000027c1343e11e:   00 00 44 8b 52 08 49 bb 00 00 00 00 08 00 00 00
0x0000027c1343e12e:   4d 03 d3 4c 3b d0 0f 85 46 e9 a3 ff 66 0f 1f 44
0x0000027c1343e13e:   00 00 89 84 24 00 90 ff ff 55 48 83 ec 30 48 b8
0x0000027c1343e14e:   c0 9d 87 2e 7c 02 00 00 8b b0 cc 00 00 00 83 c6
0x0000027c1343e15e:   02 89 b0 cc 00 00 00 81 e6 fe 07 00 00 83 fe 00
0x0000027c1343e16e:   0f 84 21 00 00 00 48 b8 00 00 00 00 00 00 00 00
0x0000027c1343e17e:   42 8b 04 00 48 83 c4 30 5d 49 3b a7 40 03 00 00
0x0000027c1343e18e:   0f 87 1f 00 00 00 c3 49 ba 00 53 41 00 08 00 00
0x0000027c1343e19e:   00 4c 89 54 24 08 48 c7 04 24 ff ff ff ff e8 cf
0x0000027c1343e1ae:   db ae ff eb c1 49 ba 87 e1 43 13 7c 02 00 00 4d
0x0000027c1343e1be:   89 97 58 03 00 00 e9 37 52 a4 ff 90 90 49 8b 87
0x0000027c1343e1ce:   d0 03 00 00 49 c7 87 d0 03 00 00 00 00 00 00 49
0x0000027c1343e1de:   c7 87 d8 03 00 00 00 00 00 00 48 83 c4 30 5d e9
0x0000027c1343e1ee:   8e 78 ae ff f4 f4 f4 f4 f4 f4 f4 f4 f4 f4 f4 f4
0x0000027c1343e1fe:   f4 f4 e8 7b a5 ae ff 48 b9 80 6e 29 37 fa 7f 00
0x0000027c1343e20e:   00 48 83 e4 f0 49 ba 10 8b f7 36 fa 7f 00 00 41
0x0000027c1343e21e:   ff d2 f4 49 ba 21 e2 43 13 7c 02 00 00 41 52 e9
0x0000027c1343e22e:   6e 44 a4 ff f4 f4 f4 f4 f4 f4 00 53 41 00 08 00
0x0000027c1343e23e:   00 00 ff 03 00 92 01 00 00 d4 05 00 01 00 01 00
0x0000027c1343e24e:   00 00 ff ff ff ff 00 00 00 00 00 00 00 00 00 00
0x0000027c1343e25e:   00 00 91 00 00 00 09 00 00 00 00 00 00 00 00 00
0x0000027c1343e26e:   00 00 19 01 00 00 00 00 00 00 00 00 00 00 00 00 


Stack slot to memory mapping:
stack at sp + 0 slots: 0x000000ca1f3ff550 is pointing into the stack for thread: 0x0000027c0b5d3c40
stack at sp + 1 slots: 0x0000027c12e39657 is at code_begin+1463 in an Interpreter codelet
return entry points  [0x0000027c12e390a0, 0x0000027c12e39ba0]  2816 bytes
stack at sp + 2 slots: 0x000000ca1f3ff530 is pointing into the stack for thread: 0x0000027c0b5d3c40
stack at sp + 3 slots: 0x0000027c12e49e2c is at code_begin+172 in an Interpreter codelet
invokevirtual  182 invokevirtual  [0x0000027c12e49d80, 0x0000027c12e4a260]  1248 bytes
stack at sp + 4 slots: 0x000000ca1f3ff550 is pointing into the stack for thread: 0x0000027c0b5d3c40
stack at sp + 5 slots: 0x00000000000000b6 is an unknown value
stack at sp + 6 slots: 0x000000ca1f3ff530 is pointing into the stack for thread: 0x0000027c0b5d3c40
stack at sp + 7 slots: 0x0000027c12e39612 is at code_begin+1394 in an Interpreter codelet
return entry points  [0x0000027c12e390a0, 0x0000027c12e39ba0]  2816 bytes

--------------------------------------------------------------------------------
[Constant Pool (empty)]

--------------------------------------------------------------------------------

[MachCode]
  0x0000027c1343e120: 448b 5208 | 49bb 0000 | 0000 0800 | 0000 4d03 | d34c 3bd0 | 0f85 46e9 | a3ff 660f | 1f44 0000 
  0x0000027c1343e140: 8984 2400 | 90ff ff55 | 4883 ec30 | 48b8 c09d | 872e 7c02 | 0000 8bb0 | cc00 0000 | 83c6 0289 
  0x0000027c1343e160: b0cc 0000 | 0081 e6fe | 0700 0083 | fe00 0f84 | 2100 0000 | 48b8 0000 | 0000 0000 | 0000 428b 
  0x0000027c1343e180: 0400 4883 | c430 5d49 | 3ba7 4003 | 0000 0f87 | 1f00 0000 | c349 ba00 | 5341 0008 | 0000 004c 
  0x0000027c1343e1a0: 8954 2408 | 48c7 0424 | ffff ffff | e8cf dbae | ffeb c149 | ba87 e143 | 137c 0200 | 004d 8997 
  0x0000027c1343e1c0: 5803 0000 | e937 52a4 | ff90 9049 | 8b87 d003 | 0000 49c7 | 87d0 0300 | 0000 0000 | 0049 c787 
  0x0000027c1343e1e0: d803 0000 | 0000 0000 | 4883 c430 | 5de9 8e78 | aeff f4f4 | f4f4 f4f4 | f4f4 f4f4 | f4f4 f4f4 
  0x0000027c1343e200: e87b a5ae | ff48 b980 | 6e29 37fa | 7f00 0048 | 83e4 f049 | ba10 8bf7 | 36fa 7f00 | 0041 ffd2 
  0x0000027c1343e220: f449 ba21 | e243 137c | 0200 0041 | 52e9 6e44 | a4ff f4f4 | f4f4 f4f4 
[/MachCode]
--------------------------------------------------------------------------------


---------------  P R O C E S S  ---------------

Threads class SMR info:
_java_thread_list=0x0000027c2f260fd0, length=14, elements={
0x0000027c0b5d3c40, 0x0000027c2e6a1740, 0x0000027c2e6a22f0, 0x0000027c2f013c00,
0x0000027c2f0147b0, 0x0000027c2f015360, 0x0000027c2f019d30, 0x0000027c2f01b930,
0x0000027c2f01c2e0, 0x0000027c2f01cbe0, 0x0000027c2e68c050, 0x0000027c2f18e8a0,
0x0000027c2f7f9340, 0x0000027c2f7f9810
}

Java Threads: ( => current thread )
=>0x0000027c0b5d3c40 JavaThread "main" [_thread_in_Java, id=14496, stack(0x000000ca1f300000,0x000000ca1f400000)]
  0x0000027c2e6a1740 JavaThread "Reference Handler" daemon [_thread_blocked, id=23344, stack(0x000000ca1fa00000,0x000000ca1fb00000)]
  0x0000027c2e6a22f0 JavaThread "Finalizer" daemon [_thread_blocked, id=7676, stack(0x000000ca1fb00000,0x000000ca1fc00000)]
  0x0000027c2f013c00 JavaThread "Signal Dispatcher" daemon [_thread_blocked, id=5840, stack(0x000000ca1fc00000,0x000000ca1fd00000)]
  0x0000027c2f0147b0 JavaThread "Attach Listener" daemon [_thread_blocked, id=19612, stack(0x000000ca1fd00000,0x000000ca1fe00000)]
  0x0000027c2f015360 JavaThread "Service Thread" daemon [_thread_blocked, id=18992, stack(0x000000ca1fe00000,0x000000ca1ff00000)]
  0x0000027c2f019d30 JavaThread "Monitor Deflation Thread" daemon [_thread_blocked, id=15548, stack(0x000000ca1ff00000,0x000000ca20000000)]
  0x0000027c2f01b930 JavaThread "C2 CompilerThread0" daemon [_thread_blocked, id=12444, stack(0x000000ca20000000,0x000000ca20100000)]
  0x0000027c2f01c2e0 JavaThread "C1 CompilerThread0" daemon [_thread_blocked, id=9836, stack(0x000000ca20100000,0x000000ca20200000)]
  0x0000027c2f01cbe0 JavaThread "Sweeper thread" daemon [_thread_blocked, id=23536, stack(0x000000ca20200000,0x000000ca20300000)]
  0x0000027c2e68c050 JavaThread "Common-Cleaner" daemon [_thread_blocked, id=6756, stack(0x000000ca20300000,0x000000ca20400000)]
  0x0000027c2f18e8a0 JavaThread "C2 CompilerThread1" daemon [_thread_blocked, id=9972, stack(0x000000ca20400000,0x000000ca20500000)]
  0x0000027c2f7f9340 JavaThread "Monitor Ctrl-Break" daemon [_thread_in_native, id=5996, stack(0x000000ca20500000,0x000000ca20600000)]
  0x0000027c2f7f9810 JavaThread "Notification Thread" daemon [_thread_blocked, id=16012, stack(0x000000ca20600000,0x000000ca20700000)]

Other Threads:
  0x0000027c2e69dcb0 VMThread "VM Thread" [stack: 0x000000ca1f900000,0x000000ca1fa00000] [id=15976]
  0x0000027c0b65ef20 WatcherThread [stack: 0x000000ca20700000,0x000000ca20800000] [id=17660]
  0x0000027c0b640b30 GCTaskThread "GC Thread#0" [stack: 0x000000ca1f400000,0x000000ca1f500000] [id=14168]
  0x0000027c0b651950 ConcurrentGCThread "G1 Main Marker" [stack: 0x000000ca1f500000,0x000000ca1f600000] [id=8924]
  0x0000027c0b653b10 ConcurrentGCThread "G1 Conc#0" [stack: 0x000000ca1f600000,0x000000ca1f700000] [id=8940]
  0x0000027c2e5555a0 ConcurrentGCThread "G1 Refine#0" [stack: 0x000000ca1f700000,0x000000ca1f800000] [id=22856]
  0x0000027c2e556c80 ConcurrentGCThread "G1 Service" [stack: 0x000000ca1f800000,0x000000ca1f900000] [id=6364]

Threads with active compile tasks:

VM state: not at safepoint (normal execution)

VM Mutex/Monitor currently owned by a thread: None

Heap address: 0x0000000702800000, size: 4056 MB, Compressed Oops mode: Zero based, Oop shift amount: 3

CDS archive(s) mapped at: [0x0000000800000000-0x0000000800bd0000-0x0000000800bd0000), size 12386304, SharedBaseAddress: 0x0000000800000000, ArchiveRelocationMode: 0.
Compressed class space mapped at: 0x0000000800c00000-0x0000000840c00000, reserved size: 1073741824
Narrow klass base: 0x0000000800000000, Narrow klass shift: 0, Narrow klass range: 0x100000000

GC Precious Log:
 CPUs: 12 total, 12 available
 Memory: 16220M
 Large Page Support: Disabled
 NUMA Support: Disabled
 Compressed Oops: Enabled (Zero based)
 Heap Region Size: 2M
 Heap Min Capacity: 8M
 Heap Initial Capacity: 254M
 Heap Max Capacity: 4056M
 Pre-touch: Disabled
 Parallel Workers: 10
 Concurrent Workers: 3
 Concurrent Refinement Workers: 10
 Periodic GC: Disabled

Heap:
 garbage-first heap   total 260096K, used 10240K [0x0000000702800000, 0x0000000800000000)
  region size 2048K, 6 young (12288K), 0 survivors (0K)
 Metaspace       used 947K, committed 1088K, reserved 1056768K
  class space    used 66K, committed 128K, reserved 1048576K

Heap Regions: E=young(eden), S=young(survivor), O=old, HS=humongous(starts), HC=humongous(continues), CS=collection set, F=free, OA=open archive, CA=closed archive, TAMS=top-at-mark-start (previous, next)
|   0|0x0000000702800000, 0x0000000702800000, 0x0000000702a00000|  0%| F|  |TAMS 0x0000000702800000, 0x0000000702800000| Untracked 
|   1|0x0000000702a00000, 0x0000000702a00000, 0x0000000702c00000|  0%| F|  |TAMS 0x0000000702a00000, 0x0000000702a00000| Untracked 
|   2|0x0000000702c00000, 0x0000000702c00000, 0x0000000702e00000|  0%| F|  |TAMS 0x0000000702c00000, 0x0000000702c00000| Untracked 
|   3|0x0000000702e00000, 0x0000000702e00000, 0x0000000703000000|  0%| F|  |TAMS 0x0000000702e00000, 0x0000000702e00000| Untracked 
|   4|0x0000000703000000, 0x0000000703000000, 0x0000000703200000|  0%| F|  |TAMS 0x0000000703000000, 0x0000000703000000| Untracked 
|   5|0x0000000703200000, 0x0000000703200000, 0x0000000703400000|  0%| F|  |TAMS 0x0000000703200000, 0x0000000703200000| Untracked 
|   6|0x0000000703400000, 0x0000000703400000, 0x0000000703600000|  0%| F|  |TAMS 0x0000000703400000, 0x0000000703400000| Untracked 
|   7|0x0000000703600000, 0x0000000703600000, 0x0000000703800000|  0%| F|  |TAMS 0x0000000703600000, 0x0000000703600000| Untracked 
|   8|0x0000000703800000, 0x0000000703800000, 0x0000000703a00000|  0%| F|  |TAMS 0x0000000703800000, 0x0000000703800000| Untracked 
|   9|0x0000000703a00000, 0x0000000703a00000, 0x0000000703c00000|  0%| F|  |TAMS 0x0000000703a00000, 0x0000000703a00000| Untracked 
|  10|0x0000000703c00000, 0x0000000703c00000, 0x0000000703e00000|  0%| F|  |TAMS 0x0000000703c00000, 0x0000000703c00000| Untracked 
|  11|0x0000000703e00000, 0x0000000703e00000, 0x0000000704000000|  0%| F|  |TAMS 0x0000000703e00000, 0x0000000703e00000| Untracked 
|  12|0x0000000704000000, 0x0000000704000000, 0x0000000704200000|  0%| F|  |TAMS 0x0000000704000000, 0x0000000704000000| Untracked 
|  13|0x0000000704200000, 0x0000000704200000, 0x0000000704400000|  0%| F|  |TAMS 0x0000000704200000, 0x0000000704200000| Untracked 
|  14|0x0000000704400000, 0x0000000704400000, 0x0000000704600000|  0%| F|  |TAMS 0x0000000704400000, 0x0000000704400000| Untracked 
|  15|0x0000000704600000, 0x0000000704600000, 0x0000000704800000|  0%| F|  |TAMS 0x0000000704600000, 0x0000000704600000| Untracked 
|  16|0x0000000704800000, 0x0000000704800000, 0x0000000704a00000|  0%| F|  |TAMS 0x0000000704800000, 0x0000000704800000| Untracked 
|  17|0x0000000704a00000, 0x0000000704a00000, 0x0000000704c00000|  0%| F|  |TAMS 0x0000000704a00000, 0x0000000704a00000| Untracked 
|  18|0x0000000704c00000, 0x0000000704c00000, 0x0000000704e00000|  0%| F|  |TAMS 0x0000000704c00000, 0x0000000704c00000| Untracked 
|  19|0x0000000704e00000, 0x0000000704e00000, 0x0000000705000000|  0%| F|  |TAMS 0x0000000704e00000, 0x0000000704e00000| Untracked 
|  20|0x0000000705000000, 0x0000000705000000, 0x0000000705200000|  0%| F|  |TAMS 0x0000000705000000, 0x0000000705000000| Untracked 
|  21|0x0000000705200000, 0x0000000705200000, 0x0000000705400000|  0%| F|  |TAMS 0x0000000705200000, 0x0000000705200000| Untracked 
|  22|0x0000000705400000, 0x0000000705400000, 0x0000000705600000|  0%| F|  |TAMS 0x0000000705400000, 0x0000000705400000| Untracked 
|  23|0x0000000705600000, 0x0000000705600000, 0x0000000705800000|  0%| F|  |TAMS 0x0000000705600000, 0x0000000705600000| Untracked 
|  24|0x0000000705800000, 0x0000000705800000, 0x0000000705a00000|  0%| F|  |TAMS 0x0000000705800000, 0x0000000705800000| Untracked 
|  25|0x0000000705a00000, 0x0000000705a00000, 0x0000000705c00000|  0%| F|  |TAMS 0x0000000705a00000, 0x0000000705a00000| Untracked 
|  26|0x0000000705c00000, 0x0000000705c00000, 0x0000000705e00000|  0%| F|  |TAMS 0x0000000705c00000, 0x0000000705c00000| Untracked 
|  27|0x0000000705e00000, 0x0000000705e00000, 0x0000000706000000|  0%| F|  |TAMS 0x0000000705e00000, 0x0000000705e00000| Untracked 
|  28|0x0000000706000000, 0x0000000706000000, 0x0000000706200000|  0%| F|  |TAMS 0x0000000706000000, 0x0000000706000000| Untracked 
|  29|0x0000000706200000, 0x0000000706200000, 0x0000000706400000|  0%| F|  |TAMS 0x0000000706200000, 0x0000000706200000| Untracked 
|  30|0x0000000706400000, 0x0000000706400000, 0x0000000706600000|  0%| F|  |TAMS 0x0000000706400000, 0x0000000706400000| Untracked 
|  31|0x0000000706600000, 0x0000000706600000, 0x0000000706800000|  0%| F|  |TAMS 0x0000000706600000, 0x0000000706600000| Untracked 
|  32|0x0000000706800000, 0x0000000706800000, 0x0000000706a00000|  0%| F|  |TAMS 0x0000000706800000, 0x0000000706800000| Untracked 
|  33|0x0000000706a00000, 0x0000000706a00000, 0x0000000706c00000|  0%| F|  |TAMS 0x0000000706a00000, 0x0000000706a00000| Untracked 
|  34|0x0000000706c00000, 0x0000000706c00000, 0x0000000706e00000|  0%| F|  |TAMS 0x0000000706c00000, 0x0000000706c00000| Untracked 
|  35|0x0000000706e00000, 0x0000000706e00000, 0x0000000707000000|  0%| F|  |TAMS 0x0000000706e00000, 0x0000000706e00000| Untracked 
|  36|0x0000000707000000, 0x0000000707000000, 0x0000000707200000|  0%| F|  |TAMS 0x0000000707000000, 0x0000000707000000| Untracked 
|  37|0x0000000707200000, 0x0000000707200000, 0x0000000707400000|  0%| F|  |TAMS 0x0000000707200000, 0x0000000707200000| Untracked 
|  38|0x0000000707400000, 0x0000000707400000, 0x0000000707600000|  0%| F|  |TAMS 0x0000000707400000, 0x0000000707400000| Untracked 
|  39|0x0000000707600000, 0x0000000707600000, 0x0000000707800000|  0%| F|  |TAMS 0x0000000707600000, 0x0000000707600000| Untracked 
|  40|0x0000000707800000, 0x0000000707800000, 0x0000000707a00000|  0%| F|  |TAMS 0x0000000707800000, 0x0000000707800000| Untracked 
|  41|0x0000000707a00000, 0x0000000707a00000, 0x0000000707c00000|  0%| F|  |TAMS 0x0000000707a00000, 0x0000000707a00000| Untracked 
|  42|0x0000000707c00000, 0x0000000707c00000, 0x0000000707e00000|  0%| F|  |TAMS 0x0000000707c00000, 0x0000000707c00000| Untracked 
|  43|0x0000000707e00000, 0x0000000707e00000, 0x0000000708000000|  0%| F|  |TAMS 0x0000000707e00000, 0x0000000707e00000| Untracked 
|  44|0x0000000708000000, 0x0000000708000000, 0x0000000708200000|  0%| F|  |TAMS 0x0000000708000000, 0x0000000708000000| Untracked 
|  45|0x0000000708200000, 0x0000000708200000, 0x0000000708400000|  0%| F|  |TAMS 0x0000000708200000, 0x0000000708200000| Untracked 
|  46|0x0000000708400000, 0x0000000708400000, 0x0000000708600000|  0%| F|  |TAMS 0x0000000708400000, 0x0000000708400000| Untracked 
|  47|0x0000000708600000, 0x0000000708600000, 0x0000000708800000|  0%| F|  |TAMS 0x0000000708600000, 0x0000000708600000| Untracked 
|  48|0x0000000708800000, 0x0000000708800000, 0x0000000708a00000|  0%| F|  |TAMS 0x0000000708800000, 0x0000000708800000| Untracked 
|  49|0x0000000708a00000, 0x0000000708a00000, 0x0000000708c00000|  0%| F|  |TAMS 0x0000000708a00000, 0x0000000708a00000| Untracked 
|  50|0x0000000708c00000, 0x0000000708c00000, 0x0000000708e00000|  0%| F|  |TAMS 0x0000000708c00000, 0x0000000708c00000| Untracked 
|  51|0x0000000708e00000, 0x0000000708e00000, 0x0000000709000000|  0%| F|  |TAMS 0x0000000708e00000, 0x0000000708e00000| Untracked 
|  52|0x0000000709000000, 0x0000000709000000, 0x0000000709200000|  0%| F|  |TAMS 0x0000000709000000, 0x0000000709000000| Untracked 
|  53|0x0000000709200000, 0x0000000709200000, 0x0000000709400000|  0%| F|  |TAMS 0x0000000709200000, 0x0000000709200000| Untracked 
|  54|0x0000000709400000, 0x0000000709400000, 0x0000000709600000|  0%| F|  |TAMS 0x0000000709400000, 0x0000000709400000| Untracked 
|  55|0x0000000709600000, 0x0000000709600000, 0x0000000709800000|  0%| F|  |TAMS 0x0000000709600000, 0x0000000709600000| Untracked 
|  56|0x0000000709800000, 0x0000000709800000, 0x0000000709a00000|  0%| F|  |TAMS 0x0000000709800000, 0x0000000709800000| Untracked 
|  57|0x0000000709a00000, 0x0000000709a00000, 0x0000000709c00000|  0%| F|  |TAMS 0x0000000709a00000, 0x0000000709a00000| Untracked 
|  58|0x0000000709c00000, 0x0000000709c00000, 0x0000000709e00000|  0%| F|  |TAMS 0x0000000709c00000, 0x0000000709c00000| Untracked 
|  59|0x0000000709e00000, 0x0000000709e00000, 0x000000070a000000|  0%| F|  |TAMS 0x0000000709e00000, 0x0000000709e00000| Untracked 
|  60|0x000000070a000000, 0x000000070a000000, 0x000000070a200000|  0%| F|  |TAMS 0x000000070a000000, 0x000000070a000000| Untracked 
|  61|0x000000070a200000, 0x000000070a200000, 0x000000070a400000|  0%| F|  |TAMS 0x000000070a200000, 0x000000070a200000| Untracked 
|  62|0x000000070a400000, 0x000000070a400000, 0x000000070a600000|  0%| F|  |TAMS 0x000000070a400000, 0x000000070a400000| Untracked 
|  63|0x000000070a600000, 0x000000070a600000, 0x000000070a800000|  0%| F|  |TAMS 0x000000070a600000, 0x000000070a600000| Untracked 
|  64|0x000000070a800000, 0x000000070a800000, 0x000000070aa00000|  0%| F|  |TAMS 0x000000070a800000, 0x000000070a800000| Untracked 
|  65|0x000000070aa00000, 0x000000070aa00000, 0x000000070ac00000|  0%| F|  |TAMS 0x000000070aa00000, 0x000000070aa00000| Untracked 
|  66|0x000000070ac00000, 0x000000070ac00000, 0x000000070ae00000|  0%| F|  |TAMS 0x000000070ac00000, 0x000000070ac00000| Untracked 
|  67|0x000000070ae00000, 0x000000070ae00000, 0x000000070b000000|  0%| F|  |TAMS 0x000000070ae00000, 0x000000070ae00000| Untracked 
|  68|0x000000070b000000, 0x000000070b000000, 0x000000070b200000|  0%| F|  |TAMS 0x000000070b000000, 0x000000070b000000| Untracked 
|  69|0x000000070b200000, 0x000000070b200000, 0x000000070b400000|  0%| F|  |TAMS 0x000000070b200000, 0x000000070b200000| Untracked 
|  70|0x000000070b400000, 0x000000070b400000, 0x000000070b600000|  0%| F|  |TAMS 0x000000070b400000, 0x000000070b400000| Untracked 
|  71|0x000000070b600000, 0x000000070b600000, 0x000000070b800000|  0%| F|  |TAMS 0x000000070b600000, 0x000000070b600000| Untracked 
|  72|0x000000070b800000, 0x000000070b800000, 0x000000070ba00000|  0%| F|  |TAMS 0x000000070b800000, 0x000000070b800000| Untracked 
|  73|0x000000070ba00000, 0x000000070ba00000, 0x000000070bc00000|  0%| F|  |TAMS 0x000000070ba00000, 0x000000070ba00000| Untracked 
|  74|0x000000070bc00000, 0x000000070bc00000, 0x000000070be00000|  0%| F|  |TAMS 0x000000070bc00000, 0x000000070bc00000| Untracked 
|  75|0x000000070be00000, 0x000000070be00000, 0x000000070c000000|  0%| F|  |TAMS 0x000000070be00000, 0x000000070be00000| Untracked 
|  76|0x000000070c000000, 0x000000070c000000, 0x000000070c200000|  0%| F|  |TAMS 0x000000070c000000, 0x000000070c000000| Untracked 
|  77|0x000000070c200000, 0x000000070c200000, 0x000000070c400000|  0%| F|  |TAMS 0x000000070c200000, 0x000000070c200000| Untracked 
|  78|0x000000070c400000, 0x000000070c400000, 0x000000070c600000|  0%| F|  |TAMS 0x000000070c400000, 0x000000070c400000| Untracked 
|  79|0x000000070c600000, 0x000000070c600000, 0x000000070c800000|  0%| F|  |TAMS 0x000000070c600000, 0x000000070c600000| Untracked 
|  80|0x000000070c800000, 0x000000070c800000, 0x000000070ca00000|  0%| F|  |TAMS 0x000000070c800000, 0x000000070c800000| Untracked 
|  81|0x000000070ca00000, 0x000000070ca00000, 0x000000070cc00000|  0%| F|  |TAMS 0x000000070ca00000, 0x000000070ca00000| Untracked 
|  82|0x000000070cc00000, 0x000000070cc00000, 0x000000070ce00000|  0%| F|  |TAMS 0x000000070cc00000, 0x000000070cc00000| Untracked 
|  83|0x000000070ce00000, 0x000000070ce00000, 0x000000070d000000|  0%| F|  |TAMS 0x000000070ce00000, 0x000000070ce00000| Untracked 
|  84|0x000000070d000000, 0x000000070d000000, 0x000000070d200000|  0%| F|  |TAMS 0x000000070d000000, 0x000000070d000000| Untracked 
|  85|0x000000070d200000, 0x000000070d200000, 0x000000070d400000|  0%| F|  |TAMS 0x000000070d200000, 0x000000070d200000| Untracked 
|  86|0x000000070d400000, 0x000000070d400000, 0x000000070d600000|  0%| F|  |TAMS 0x000000070d400000, 0x000000070d400000| Untracked 
|  87|0x000000070d600000, 0x000000070d600000, 0x000000070d800000|  0%| F|  |TAMS 0x000000070d600000, 0x000000070d600000| Untracked 
|  88|0x000000070d800000, 0x000000070d800000, 0x000000070da00000|  0%| F|  |TAMS 0x000000070d800000, 0x000000070d800000| Untracked 
|  89|0x000000070da00000, 0x000000070da00000, 0x000000070dc00000|  0%| F|  |TAMS 0x000000070da00000, 0x000000070da00000| Untracked 
|  90|0x000000070dc00000, 0x000000070dc00000, 0x000000070de00000|  0%| F|  |TAMS 0x000000070dc00000, 0x000000070dc00000| Untracked 
|  91|0x000000070de00000, 0x000000070de00000, 0x000000070e000000|  0%| F|  |TAMS 0x000000070de00000, 0x000000070de00000| Untracked 
|  92|0x000000070e000000, 0x000000070e000000, 0x000000070e200000|  0%| F|  |TAMS 0x000000070e000000, 0x000000070e000000| Untracked 
|  93|0x000000070e200000, 0x000000070e200000, 0x000000070e400000|  0%| F|  |TAMS 0x000000070e200000, 0x000000070e200000| Untracked 
|  94|0x000000070e400000, 0x000000070e400000, 0x000000070e600000|  0%| F|  |TAMS 0x000000070e400000, 0x000000070e400000| Untracked 
|  95|0x000000070e600000, 0x000000070e600000, 0x000000070e800000|  0%| F|  |TAMS 0x000000070e600000, 0x000000070e600000| Untracked 
|  96|0x000000070e800000, 0x000000070e800000, 0x000000070ea00000|  0%| F|  |TAMS 0x000000070e800000, 0x000000070e800000| Untracked 
|  97|0x000000070ea00000, 0x000000070ea00000, 0x000000070ec00000|  0%| F|  |TAMS 0x000000070ea00000, 0x000000070ea00000| Untracked 
|  98|0x000000070ec00000, 0x000000070ec00000, 0x000000070ee00000|  0%| F|  |TAMS 0x000000070ec00000, 0x000000070ec00000| Untracked 
|  99|0x000000070ee00000, 0x000000070ee00000, 0x000000070f000000|  0%| F|  |TAMS 0x000000070ee00000, 0x000000070ee00000| Untracked 
| 100|0x000000070f000000, 0x000000070f000000, 0x000000070f200000|  0%| F|  |TAMS 0x000000070f000000, 0x000000070f000000| Untracked 
| 101|0x000000070f200000, 0x000000070f200000, 0x000000070f400000|  0%| F|  |TAMS 0x000000070f200000, 0x000000070f200000| Untracked 
| 102|0x000000070f400000, 0x000000070f400000, 0x000000070f600000|  0%| F|  |TAMS 0x000000070f400000, 0x000000070f400000| Untracked 
| 103|0x000000070f600000, 0x000000070f600000, 0x000000070f800000|  0%| F|  |TAMS 0x000000070f600000, 0x000000070f600000| Untracked 
| 104|0x000000070f800000, 0x000000070f800000, 0x000000070fa00000|  0%| F|  |TAMS 0x000000070f800000, 0x000000070f800000| Untracked 
| 105|0x000000070fa00000, 0x000000070fa00000, 0x000000070fc00000|  0%| F|  |TAMS 0x000000070fa00000, 0x000000070fa00000| Untracked 
| 106|0x000000070fc00000, 0x000000070fc00000, 0x000000070fe00000|  0%| F|  |TAMS 0x000000070fc00000, 0x000000070fc00000| Untracked 
| 107|0x000000070fe00000, 0x000000070fe00000, 0x0000000710000000|  0%| F|  |TAMS 0x000000070fe00000, 0x000000070fe00000| Untracked 
| 108|0x0000000710000000, 0x0000000710000000, 0x0000000710200000|  0%| F|  |TAMS 0x0000000710000000, 0x0000000710000000| Untracked 
| 109|0x0000000710200000, 0x0000000710200000, 0x0000000710400000|  0%| F|  |TAMS 0x0000000710200000, 0x0000000710200000| Untracked 
| 110|0x0000000710400000, 0x0000000710400000, 0x0000000710600000|  0%| F|  |TAMS 0x0000000710400000, 0x0000000710400000| Untracked 
| 111|0x0000000710600000, 0x0000000710600000, 0x0000000710800000|  0%| F|  |TAMS 0x0000000710600000, 0x0000000710600000| Untracked 
| 112|0x0000000710800000, 0x0000000710800000, 0x0000000710a00000|  0%| F|  |TAMS 0x0000000710800000, 0x0000000710800000| Untracked 
| 113|0x0000000710a00000, 0x0000000710a00000, 0x0000000710c00000|  0%| F|  |TAMS 0x0000000710a00000, 0x0000000710a00000| Untracked 
| 114|0x0000000710c00000, 0x0000000710c00000, 0x0000000710e00000|  0%| F|  |TAMS 0x0000000710c00000, 0x0000000710c00000| Untracked 
| 115|0x0000000710e00000, 0x0000000710e00000, 0x0000000711000000|  0%| F|  |TAMS 0x0000000710e00000, 0x0000000710e00000| Untracked 
| 116|0x0000000711000000, 0x0000000711000000, 0x0000000711200000|  0%| F|  |TAMS 0x0000000711000000, 0x0000000711000000| Untracked 
| 117|0x0000000711200000, 0x0000000711200000, 0x0000000711400000|  0%| F|  |TAMS 0x0000000711200000, 0x0000000711200000| Untracked 
| 118|0x0000000711400000, 0x0000000711400000, 0x0000000711600000|  0%| F|  |TAMS 0x0000000711400000, 0x0000000711400000| Untracked 
| 119|0x0000000711600000, 0x0000000711600000, 0x0000000711800000|  0%| F|  |TAMS 0x0000000711600000, 0x0000000711600000| Untracked 
| 120|0x0000000711800000, 0x0000000711800000, 0x0000000711a00000|  0%| F|  |TAMS 0x0000000711800000, 0x0000000711800000| Untracked 
| 121|0x0000000711a00000, 0x0000000711b7b5b8, 0x0000000711c00000| 74%| E|  |TAMS 0x0000000711a00000, 0x0000000711a00000| Complete 
| 122|0x0000000711c00000, 0x0000000711e00000, 0x0000000711e00000|100%| E|CS|TAMS 0x0000000711c00000, 0x0000000711c00000| Complete 
| 123|0x0000000711e00000, 0x0000000712000000, 0x0000000712000000|100%| E|CS|TAMS 0x0000000711e00000, 0x0000000711e00000| Complete 
| 124|0x0000000712000000, 0x0000000712200000, 0x0000000712200000|100%| E|CS|TAMS 0x0000000712000000, 0x0000000712000000| Complete 
| 125|0x0000000712200000, 0x0000000712400000, 0x0000000712400000|100%| E|CS|TAMS 0x0000000712200000, 0x0000000712200000| Complete 
| 126|0x0000000712400000, 0x0000000712600000, 0x0000000712600000|100%| E|CS|TAMS 0x0000000712400000, 0x0000000712400000| Complete 

Card table byte_map: [0x0000027c22b70000,0x0000027c23360000] _byte_map_base: 0x0000027c1f35c000

Marking Bits (Prev, Next): (CMBitMap*) 0x0000027c0b641140, (CMBitMap*) 0x0000027c0b641180
 Prev Bits: [0x0000027c23b50000, 0x0000027c27ab0000)
 Next Bits: [0x0000027c27ab0000, 0x0000027c2ba10000)

Polling page: 0x0000027c09580000

Metaspace:

Usage:
  Non-class:    881.09 KB used.
      Class:     66.42 KB used.
       Both:    947.51 KB used.

Virtual space:
  Non-class space:        8.00 MB reserved,     960.00 KB ( 12%) committed,  1 nodes.
      Class space:        1.00 GB reserved,     128.00 KB ( <1%) committed,  1 nodes.
             Both:        1.01 GB reserved,       1.06 MB ( <1%) committed. 

Chunk freelists:
   Non-Class:  3.98 MB
       Class:  3.74 MB
        Both:  7.72 MB

MaxMetaspaceSize: unlimited
CompressedClassSpaceSize: 1.00 GB
Initial GC threshold: 21.00 MB
Current GC threshold: 21.00 MB
CDS: on
MetaspaceReclaimPolicy: balanced
 - commit_granule_bytes: 65536.
 - commit_granule_words: 8192.
 - virtual_space_node_default_size: 1048576.
 - enlarge_chunks_in_place: 1.
 - new_chunks_are_fully_committed: 0.
 - uncommit_free_chunks: 1.
 - use_allocation_guard: 0.
 - handle_deallocations: 1.


Internal statistics:

num_allocs_failed_limit: 0.
num_arena_births: 10.
num_arena_deaths: 0.
num_vsnodes_births: 2.
num_vsnodes_deaths: 0.
num_space_committed: 17.
num_space_uncommitted: 0.
num_chunks_returned_to_freelist: 0.
num_chunks_taken_from_freelist: 14.
num_chunk_merges: 0.
num_chunk_splits: 7.
num_chunks_enlarged: 4.
num_purges: 0.
num_inconsistent_stats: 0.

CodeHeap 'non-profiled nmethods': size=120000Kb used=146Kb max_used=146Kb free=119853Kb
 bounds [0x0000027c1a900000, 0x0000027c1ab70000, 0x0000027c21e30000]
CodeHeap 'profiled nmethods': size=120000Kb used=592Kb max_used=592Kb free=119408Kb
 bounds [0x0000027c133d0000, 0x0000027c13640000, 0x0000027c1a900000]
CodeHeap 'non-nmethods': size=5760Kb used=1124Kb max_used=1137Kb free=4635Kb
 bounds [0x0000027c12e30000, 0x0000027c130a0000, 0x0000027c133d0000]
 total_blobs=830 nmethods=424 adapters=319
 compilation: enabled
              stopped_count=0, restarted_count=0
 full_count=0

Compilation events (20 events):
Event: 0.195 Thread 0x0000027c2f01c2e0  404       3       java.util.zip.ZipFile$Source::isMetaName (141 bytes)
Event: 0.195 Thread 0x0000027c2f01c2e0 nmethod 404 0x0000027c1345c590 code [0x0000027c1345c740, 0x0000027c1345cc58]
Event: 0.196 Thread 0x0000027c2f01c2e0  405       3       java.util.zip.ZipCoder::hash (36 bytes)
Event: 0.197 Thread 0x0000027c2f01c2e0 nmethod 405 0x0000027c1345ce10 code [0x0000027c1345d020, 0x0000027c1345d748]
Event: 0.197 Thread 0x0000027c2f01c2e0  406   !   3       java.util.jar.JarFile::isMultiRelease (33 bytes)
Event: 0.197 Thread 0x0000027c2f01c2e0 nmethod 406 0x0000027c1345da10 code [0x0000027c1345dbc0, 0x0000027c1345ddc8]
Event: 0.197 Thread 0x0000027c2f01c2e0  407       3       java.util.jar.JarFile::getJarEntry (9 bytes)
Event: 0.197 Thread 0x0000027c2f01c2e0 nmethod 407 0x0000027c1345de90 code [0x0000027c1345e080, 0x0000027c1345e558]
Event: 0.197 Thread 0x0000027c2f01c2e0  409       3       java.util.ArrayList::get (15 bytes)
Event: 0.197 Thread 0x0000027c2f01c2e0 nmethod 409 0x0000027c1345e690 code [0x0000027c1345e860, 0x0000027c1345eb88]
Event: 0.197 Thread 0x0000027c2f01c2e0  413  s!   3       jdk.internal.loader.URLClassPath::getLoader (194 bytes)
Event: 0.198 Thread 0x0000027c2f01c2e0 nmethod 413 0x0000027c1345ed10 code [0x0000027c1345f020, 0x0000027c13460448]
Event: 0.198 Thread 0x0000027c2f01c2e0  410       3       java.util.Objects::checkIndex (7 bytes)
Event: 0.198 Thread 0x0000027c2f01c2e0 nmethod 410 0x0000027c13460c10 code [0x0000027c13460dc0, 0x0000027c13460fc8]
Event: 0.198 Thread 0x0000027c2f01c2e0  411       3       jdk.internal.util.Preconditions::checkIndex (18 bytes)
Event: 0.198 Thread 0x0000027c2f01c2e0 nmethod 411 0x0000027c13461110 code [0x0000027c134612c0, 0x0000027c13461468]
Event: 0.198 Thread 0x0000027c2f01c2e0  408       3       java.util.jar.JarFile::getEntry (35 bytes)
Event: 0.198 Thread 0x0000027c2f01c2e0 nmethod 408 0x0000027c13461510 code [0x0000027c13461700, 0x0000027c13461b98]
Event: 0.198 Thread 0x0000027c2f01c2e0  412       3       java.util.ArrayList::elementData (7 bytes)
Event: 0.198 Thread 0x0000027c2f01c2e0 nmethod 412 0x0000027c13461d10 code [0x0000027c13461ea0, 0x0000027c13461fd8]

GC Heap History (0 events):
No events

Deoptimization events (20 events):
Event: 0.135 Thread 0x0000027c0b5d3c40 DEOPT PACKING pc=0x0000027c1340a20c sp=0x000000ca1f3fe060
Event: 0.135 Thread 0x0000027c0b5d3c40 DEOPT UNPACKING pc=0x0000027c12e82b43 sp=0x000000ca1f3fd4f0 mode 0
Event: 0.135 Thread 0x0000027c0b5d3c40 DEOPT PACKING pc=0x0000027c1340a20c sp=0x000000ca1f3fe060
Event: 0.135 Thread 0x0000027c0b5d3c40 DEOPT UNPACKING pc=0x0000027c12e82b43 sp=0x000000ca1f3fd4f0 mode 0
Event: 0.135 Thread 0x0000027c0b5d3c40 DEOPT PACKING pc=0x0000027c1340a20c sp=0x000000ca1f3fe060
Event: 0.135 Thread 0x0000027c0b5d3c40 DEOPT UNPACKING pc=0x0000027c12e82b43 sp=0x000000ca1f3fd4f0 mode 0
Event: 0.158 Thread 0x0000027c0b5d3c40 Uncommon trap: trap_request=0xffffff45 fr.pc=0x0000027c1a9155a0 relative=0x0000000000000940
Event: 0.158 Thread 0x0000027c0b5d3c40 Uncommon trap: reason=unstable_if action=reinterpret pc=0x0000027c1a9155a0 method=java.util.HashMap.putVal(ILjava/lang/Object;Ljava/lang/Object;ZZ)Ljava/lang/Object; @ 181 c2
Event: 0.158 Thread 0x0000027c0b5d3c40 DEOPT PACKING pc=0x0000027c1a9155a0 sp=0x000000ca1f3fea40
Event: 0.158 Thread 0x0000027c0b5d3c40 DEOPT UNPACKING pc=0x0000027c12e823a3 sp=0x000000ca1f3fe9e0 mode 2
Event: 0.168 Thread 0x0000027c0b5d3c40 Uncommon trap: trap_request=0xffffff45 fr.pc=0x0000027c1a9147b0 relative=0x0000000000000190
Event: 0.168 Thread 0x0000027c0b5d3c40 Uncommon trap: reason=unstable_if action=reinterpret pc=0x0000027c1a9147b0 method=java.util.zip.ZipFile$Source.isMetaName([BII)Z @ 43 c2
Event: 0.168 Thread 0x0000027c0b5d3c40 DEOPT PACKING pc=0x0000027c1a9147b0 sp=0x000000ca1f3fe190
Event: 0.168 Thread 0x0000027c0b5d3c40 DEOPT UNPACKING pc=0x0000027c12e823a3 sp=0x000000ca1f3fe138 mode 2
Event: 0.186 Thread 0x0000027c0b5d3c40 DEOPT PACKING pc=0x0000027c13417f34 sp=0x000000ca1f3fe350
Event: 0.186 Thread 0x0000027c0b5d3c40 DEOPT UNPACKING pc=0x0000027c12e82b43 sp=0x000000ca1f3fd7c0 mode 0
Event: 0.195 Thread 0x0000027c0b5d3c40 Uncommon trap: trap_request=0xffffff45 fr.pc=0x0000027c1a91d4b0 relative=0x0000000000000190
Event: 0.195 Thread 0x0000027c0b5d3c40 Uncommon trap: reason=unstable_if action=reinterpret pc=0x0000027c1a91d4b0 method=java.util.zip.ZipFile$Source.isMetaName([BII)Z @ 57 c2
Event: 0.195 Thread 0x0000027c0b5d3c40 DEOPT PACKING pc=0x0000027c1a91d4b0 sp=0x000000ca1f3fe0b0
Event: 0.195 Thread 0x0000027c0b5d3c40 DEOPT UNPACKING pc=0x0000027c12e823a3 sp=0x000000ca1f3fe040 mode 2

Classes unloaded (0 events):
No events

Classes redefined (0 events):
No events

Internal exceptions (1 events):
Event: 0.201 Thread 0x0000027c0b5d3c40 Implicit null exception at 0x0000027c1343e17e to 0x0000000000000000

VM Operations (4 events):
Event: 0.105 Executing VM operation: HandshakeAllThreads
Event: 0.105 Executing VM operation: HandshakeAllThreads done
Event: 0.201 Executing VM operation: HandshakeAllThreads
Event: 0.201 Executing VM operation: HandshakeAllThreads done

Events (20 events):
Event: 0.199 Thread 0x0000027c2f7f9340 Thread added: 0x0000027c2f7f9340
Event: 0.199 Thread 0x0000027c2f7f9810 Thread added: 0x0000027c2f7f9810
Event: 0.200 loading class java/net/Socket
Event: 0.200 loading class java/net/Socket done
Event: 0.200 loading class jdk/internal/loader/URLClassPath$FileLoader$1
Event: 0.200 loading class jdk/internal/loader/URLClassPath$FileLoader$1 done
Event: 0.200 loading class java/net/InetSocketAddress
Event: 0.200 loading class java/lang/IllegalAccessException
Event: 0.200 loading class java/net/SocketAddress
Event: 0.200 loading class java/lang/IllegalAccessException done
Event: 0.200 loading class java/net/SocketAddress done
Event: 0.200 loading class java/net/InetSocketAddress done
Event: 0.200 loading class sun/misc/Unsafe
Event: 0.201 loading class sun/misc/Unsafe done
Event: 0.201 loading class jdk/internal/reflect/UnsafeFieldAccessorFactory
Event: 0.201 loading class jdk/internal/reflect/UnsafeFieldAccessorFactory done
Event: 0.201 loading class jdk/internal/reflect/UnsafeQualifiedStaticObjectFieldAccessorImpl
Event: 0.201 loading class jdk/internal/reflect/UnsafeQualifiedStaticFieldAccessorImpl
Event: 0.201 loading class jdk/internal/reflect/UnsafeQualifiedStaticFieldAccessorImpl done
Event: 0.201 loading class jdk/internal/reflect/UnsafeQualifiedStaticObjectFieldAccessorImpl done


Dynamic libraries:
0x00007ff6aa270000 - 0x00007ff6aa280000 	C:\Program Files\Java\jdk-17.0.5\bin\java.exe
0x00007ffa890f0000 - 0x00007ffa89304000 	C:\WINDOWS\SYSTEM32\ntdll.dll
0x00007ffa87ae0000 - 0x00007ffa87ba2000 	C:\WINDOWS\System32\KERNEL32.DLL
0x00007ffa86890000 - 0x00007ffa86c33000 	C:\WINDOWS\System32\KERNELBASE.dll
0x00007ffa86db0000 - 0x00007ffa86ec1000 	C:\WINDOWS\System32\ucrtbase.dll
0x00007ffa72aa0000 - 0x00007ffa72aba000 	C:\Program Files\Java\jdk-17.0.5\bin\VCRUNTIME140.dll
0x00007ffa80ec0000 - 0x00007ffa80ed8000 	C:\Program Files\Java\jdk-17.0.5\bin\jli.dll
0x00007ffa88e40000 - 0x00007ffa88eee000 	C:\WINDOWS\System32\ADVAPI32.dll
0x00007ffa88d40000 - 0x00007ffa88de7000 	C:\WINDOWS\System32\msvcrt.dll
0x00007ffa886e0000 - 0x00007ffa88784000 	C:\WINDOWS\System32\sechost.dll
0x00007ffa88a60000 - 0x00007ffa88b77000 	C:\WINDOWS\System32\RPCRT4.dll
0x00007ffa87930000 - 0x00007ffa87adb000 	C:\WINDOWS\System32\USER32.dll
0x00007ffa866d0000 - 0x00007ffa866f6000 	C:\WINDOWS\System32\win32u.dll
0x00007ffa6b010000 - 0x00007ffa6b29e000 	C:\WINDOWS\WinSxS\amd64_microsoft.windows.common-controls_6595b64144ccf1df_6.0.22621.1635_none_270f70857386168e\COMCTL32.dll
0x00007ffa88a30000 - 0x00007ffa88a59000 	C:\WINDOWS\System32\GDI32.dll
0x00007ffa86700000 - 0x00007ffa86819000 	C:\WINDOWS\System32\gdi32full.dll
0x00007ffa864f0000 - 0x00007ffa8658a000 	C:\WINDOWS\System32\msvcp_win.dll
0x00007ffa76880000 - 0x00007ffa7688a000 	C:\WINDOWS\SYSTEM32\VERSION.dll
0x00007ffa886a0000 - 0x00007ffa886d1000 	C:\WINDOWS\System32\IMM32.DLL
0x00007ffa79d50000 - 0x00007ffa79d5c000 	C:\Program Files\Java\jdk-17.0.5\bin\vcruntime140_1.dll
0x00007ffa644a0000 - 0x00007ffa6452d000 	C:\Program Files\Java\jdk-17.0.5\bin\msvcp140.dll
0x00007ffa369d0000 - 0x00007ffa37592000 	C:\Program Files\Java\jdk-17.0.5\bin\server\jvm.dll
0x00007ffa878f0000 - 0x00007ffa878f8000 	C:\WINDOWS\System32\PSAPI.DLL
0x00007ffa7cc40000 - 0x00007ffa7cc74000 	C:\WINDOWS\SYSTEM32\WINMM.dll
0x00007ffa5dd90000 - 0x00007ffa5dd99000 	C:\WINDOWS\SYSTEM32\WSOCK32.dll
0x00007ffa88c30000 - 0x00007ffa88ca1000 	C:\WINDOWS\System32\WS2_32.dll
0x00007ffa85500000 - 0x00007ffa85518000 	C:\WINDOWS\SYSTEM32\kernel.appcore.dll
0x00007ffa74f50000 - 0x00007ffa74f5a000 	C:\Program Files\Java\jdk-17.0.5\bin\jimage.dll
0x00007ffa83e50000 - 0x00007ffa8407e000 	C:\WINDOWS\SYSTEM32\DBGHELP.DLL
0x00007ffa88310000 - 0x00007ffa88699000 	C:\WINDOWS\System32\combase.dll
0x00007ffa88ef0000 - 0x00007ffa88fc7000 	C:\WINDOWS\System32\OLEAUT32.dll
0x00007ffa76250000 - 0x00007ffa76282000 	C:\WINDOWS\SYSTEM32\dbgcore.DLL
0x00007ffa86590000 - 0x00007ffa8660b000 	C:\WINDOWS\System32\bcryptPrimitives.dll
0x00007ffa80d90000 - 0x00007ffa80d9e000 	C:\Program Files\Java\jdk-17.0.5\bin\instrument.dll
0x00007ffa6f5c0000 - 0x00007ffa6f5e5000 	C:\Program Files\Java\jdk-17.0.5\bin\java.dll
0x00007ffa5a950000 - 0x00007ffa5aa26000 	C:\Program Files\Java\jdk-17.0.5\bin\jsvml.dll
0x00007ffa86ed0000 - 0x00007ffa876ca000 	C:\WINDOWS\System32\SHELL32.dll
0x00007ffa844a0000 - 0x00007ffa84d6e000 	C:\WINDOWS\SYSTEM32\windows.storage.dll
0x00007ffa84360000 - 0x00007ffa8449e000 	C:\WINDOWS\SYSTEM32\wintypes.dll
0x00007ffa880c0000 - 0x00007ffa881b1000 	C:\WINDOWS\System32\SHCORE.dll
0x00007ffa876d0000 - 0x00007ffa8772e000 	C:\WINDOWS\System32\shlwapi.dll
0x00007ffa86420000 - 0x00007ffa86441000 	C:\WINDOWS\SYSTEM32\profapi.dll
0x00007ffa6f650000 - 0x00007ffa6f668000 	C:\Program Files\Java\jdk-17.0.5\bin\zip.dll
0x00007ffa716f0000 - 0x00007ffa71709000 	C:\Program Files\Java\jdk-17.0.5\bin\net.dll
0x00007ffa7f360000 - 0x00007ffa7f497000 	C:\WINDOWS\SYSTEM32\WINHTTP.dll
0x00007ffa85960000 - 0x00007ffa859c9000 	C:\WINDOWS\system32\mswsock.dll
0x00007ffa70fe0000 - 0x00007ffa70ff6000 	C:\Program Files\Java\jdk-17.0.5\bin\nio.dll
0x00007ffa718d0000 - 0x00007ffa718ea000 	C:\Users\singx\AppData\Local\JetBrains\Toolbox\apps\IDEA-U\ch-0\231.9011.34\bin\breakgen64.dll

dbghelp: loaded successfully - version: 4.0.5 - missing functions: none
symbol engine: initialized successfully - sym options: 0x614 - pdb path: .;C:\Program Files\Java\jdk-17.0.5\bin;C:\WINDOWS\SYSTEM32;C:\WINDOWS\WinSxS\amd64_microsoft.windows.common-controls_6595b64144ccf1df_6.0.22621.1635_none_270f70857386168e;C:\Program Files\Java\jdk-17.0.5\bin\server;C:\Users\singx\AppData\Local\JetBrains\Toolbox\apps\IDEA-U\ch-0\231.9011.34\bin

VM Arguments:
jvm_args: -javaagent:C:\Users\singx\AppData\Local\JetBrains\Toolbox\apps\IDEA-U\ch-0\231.9011.34\lib\idea_rt.jar=52341:C:\Users\singx\AppData\Local\JetBrains\Toolbox\apps\IDEA-U\ch-0\231.9011.34\bin -Dfile.encoding=UTF-8 
java_command: top.integer.gulimall.auth.controller.Main
java_class_path (initial): C:\Users\singx\OneDrive\Java\guli-mall\gulimall-auth-server\target\classes;C:\Users\singx\.m2\repository\org\springframework\boot\spring-boot-configuration-processor\2.7.11\spring-boot-configuration-processor-2.7.11.jar;C:\Users\singx\.m2\repository\org\springframework\cloud\spring-cloud-starter-loadbalancer\3.1.6\spring-cloud-starter-loadbalancer-3.1.6.jar;C:\Users\singx\.m2\repository\org\springframework\cloud\spring-cloud-starter\3.1.6\spring-cloud-starter-3.1.6.jar;C:\Users\singx\.m2\repository\org\springframework\cloud\spring-cloud-context\3.1.6\spring-cloud-context-3.1.6.jar;C:\Users\singx\.m2\repository\org\springframework\security\spring-security-rsa\1.0.11.RELEASE\spring-security-rsa-1.0.11.RELEASE.jar;C:\Users\singx\.m2\repository\org\bouncycastle\bcpkix-jdk15on\1.69\bcpkix-jdk15on-1.69.jar;C:\Users\singx\.m2\repository\org\bouncycastle\bcprov-jdk15on\1.69\bcprov-jdk15on-1.69.jar;C:\Users\singx\.m2\repository\org\bouncycastle\bcutil-jdk15on\1.69\bcutil-jdk15on-1.69.jar;C:\Users\singx\.m2\repository\org\springframework\cloud\spring-cloud-loadbalancer\3.1.6\spring-cloud-loadbalancer-3.1.6.jar;C:\Users\singx\.m2\repository\io\projectreactor\reactor-core\3.4.29\reactor-core-3.4.29.jar;C:\Users\singx\.m2\repository\org\reactivestreams\reactive-streams\1.0.4\reactive-streams-1.0.4.jar;C:\Users\singx\.m2\repository\io\projectreactor\addons\reactor-extra\3.4.10\reactor-extra-3.4.10.jar;C:\Users\singx\.m2\repository\org\springframework\boot\spring-boot-starter-cache\2.7.11\spring-boot-starter-cache-2.7.11.jar;C:\Users\singx\.m2\repository\org\springframework\spring-context-support\5.3.27\spring-context-support-5.3.27.jar;C:\Users\singx\.m2\repository\com\stoyanr\evictor\1.0.0\evictor-1.0.0.jar;C:\Users\singx\.m2\repository\org\springframework\cloud\spring-cloud-starter-openfeign\3.1.7\spring-cloud-starter-openfeign-3.1.7.jar;C:\Users\singx\.m2\repository\org\springframework\cloud\spring-cloud-openfeign-core\3.1.7\spring-cloud-openfeign-
Launcher Type: SUN_STANDARD

[Global flags]
     intx CICompilerCount                          = 4                                         {product} {ergonomic}
     uint ConcGCThreads                            = 3                                         {product} {ergonomic}
     uint G1ConcRefinementThreads                  = 10                                        {product} {ergonomic}
   size_t G1HeapRegionSize                         = 2097152                                   {product} {ergonomic}
    uintx GCDrainStackTargetSize                   = 64                                        {product} {ergonomic}
   size_t InitialHeapSize                          = 266338304                                 {product} {ergonomic}
   size_t MarkStackSize                            = 4194304                                   {product} {ergonomic}
   size_t MaxHeapSize                              = 4253024256                                {product} {ergonomic}
   size_t MaxNewSize                               = 2550136832                                {product} {ergonomic}
   size_t MinHeapDeltaBytes                        = 2097152                                   {product} {ergonomic}
   size_t MinHeapSize                              = 8388608                                   {product} {ergonomic}
    uintx NonNMethodCodeHeapSize                   = 5839372                                {pd product} {ergonomic}
    uintx NonProfiledCodeHeapSize                  = 122909434                              {pd product} {ergonomic}
    uintx ProfiledCodeHeapSize                     = 122909434                              {pd product} {ergonomic}
    uintx ReservedCodeCacheSize                    = 251658240                              {pd product} {ergonomic}
     bool SegmentedCodeCache                       = true                                      {product} {ergonomic}
   size_t SoftMaxHeapSize                          = 4253024256                             {manageable} {ergonomic}
     bool UseCompressedClassPointers               = true                           {product lp64_product} {ergonomic}
     bool UseCompressedOops                        = true                           {product lp64_product} {ergonomic}
     bool UseG1GC                                  = true                                      {product} {ergonomic}
     bool UseLargePagesIndividualAllocation        = false                                  {pd product} {ergonomic}

Logging:
Log output configuration:
 #0: stdout all=warning uptime,level,tags
 #1: stderr all=off uptime,level,tags

Environment Variables:
JAVA_HOME=C:\Program Files\Java\graalvm-ce-java17-22.3.2
PATH=C:\Program Files\Python311\Scripts\;C:\Program Files\Python311\;C:\WINDOWS\system32;C:\WINDOWS;C:\WINDOWS\System32\Wbem;C:\WINDOWS\System32\WindowsPowerShell\v1.0\;C:\WINDOWS\System32\OpenSSH\;C:\Program Files\Java\graalvm-ce-java17-22.3.2\bin;C:\Program Files\Gcc\bin;C:\Program Files\Apache Software Foundation\Maven\bin;C:\Program Files (x86)\NVIDIA Corporation\PhysX\Common;C:\Program Files\NVIDIA Corporation\NVIDIA NvDLISR;C:\Program Files (x86)\NetSarang\Xshell 7\;C:\Program Files\MySQL\MySQL Server 8.0\bin;C:\Users\singx\AppData\Roaming\nvm;C:\Program Files\nodejs;C:\Program Files\Docker\Docker\resources\bin;C:\Program Files\dotnet\;C:\Program Files\Nginx;C:\Program Files\Neovim\bin;C:\Program Files\PowerShell\7\;C:\Program Files\Pandoc\;C:\Program Files\Git\cmd;D:\VS\IDE\VC\Tools\MSVC\14.35.32215\bin\Hostx64\x64;C:\Users\singx\AppData\Local\Microsoft\WindowsApps;C:\Users\singx\AppData\Local\JetBrains\Toolbox\scripts;C:\Users\singx\AppData\Local\Programs\Microsoft VS Code\bin;C:\Users\singx\AppData\Roaming\npm;C:\Users\singx\AppData\Roaming\nvm;C:\Program Files\nodejs
USERNAME=singx
OS=Windows_NT
PROCESSOR_IDENTIFIER=Intel64 Family 6 Model 166 Stepping 0, GenuineIntel



---------------  S Y S T E M  ---------------

OS:
 Windows 11 , 64 bit Build 22621 (10.0.22621.1778)
OS uptime: 0 days 22:39 hours
Hyper-V role detected

CPU: total 12 (initial active 12) (6 cores per cpu, 2 threads per core) family 6 model 166 stepping 0 microcode 0xe0, cx8, cmov, fxsr, ht, mmx, 3dnowpref, sse, sse2, sse3, ssse3, sse4.1, sse4.2, popcnt, lzcnt, tsc, tscinvbit, avx, avx2, aes, erms, clmul, bmi1, bmi2, adx, fma, vzeroupper, clflush, clflushopt, hv

Memory: 4k page, system-wide physical 16220M (2187M free)
TotalPageFile size 37724M (AvailPageFile size 9526M)
current process WorkingSet (physical memory assigned to process): 49M, peak: 49M
current process commit charge ("private bytes"): 353M, peak: 353M

vm_info: Java HotSpot(TM) 64-Bit Server VM (17.0.5+9-LTS-191) for windows-amd64 JRE (17.0.5+9-LTS-191), built on Sep 13 2022 17:31:43 by "mach5one" with MS VC++ 16.8 / 16.9 (VS2019)

END.
