#
# A fatal error has been detected by the Java Runtime Environment:
#
#  EXCEPTION_ACCESS_VIOLATION (0xc0000005) at pc=0x0000023527fc8c7e, pid=24032, tid=18612
#
# JRE version: Java(TM) SE Runtime Environment (17.0.5+9) (build 17.0.5+9-LTS-191)
# Java VM: Java HotSpot(TM) 64-Bit Server VM (17.0.5+9-LTS-191, mixed mode, sharing, tiered, compressed oops, compressed class ptrs, g1 gc, windows-amd64)
# Problematic frame:
# J 352 c1 jdk.internal.misc.Unsafe.getInt(J)I java.base@17.0.5 (7 bytes) @ 0x0000023527fc8c7e [0x0000023527fc8c20+0x000000000000005e]
#
# No core dump will be written. Minidumps are not enabled by default on client versions of Windows
#
# If you would like to submit a bug report, please visit:
#   https://bugreport.java.com/bugreport/crash.jsp
#

---------------  S U M M A R Y ------------

Command Line: -javaagent:C:\Users\singx\AppData\Local\JetBrains\Toolbox\apps\IDEA-U\ch-0\231.9011.34\lib\idea_rt.jar=52275:C:\Users\singx\AppData\Local\JetBrains\Toolbox\apps\IDEA-U\ch-0\231.9011.34\bin -Dfile.encoding=UTF-8 top.integer.gulimall.auth.controller.Main

Host: Intel(R) Core(TM) i7-10710U CPU @ 1.10GHz, 12 cores, 15G,  Windows 11 , 64 bit Build 22621 (10.0.22621.1778)
Time: Fri Jun 16 18:06:06 2023  Windows 11 , 64 bit Build 22621 (10.0.22621.1778) elapsed time: 0.274013 seconds (0d 0h 0m 0s)

---------------  T H R E A D  ---------------

Current thread (0x0000023520152fd0):  JavaThread "main" [_thread_in_Java, id=18612, stack(0x000000b0bc300000,0x000000b0bc400000)]

Stack: [0x000000b0bc300000,0x000000b0bc400000],  sp=0x000000b0bc3ff1b0,  free space=1020k
Native frames: (J=compiled Java code, j=interpreted, Vv=VM code, C=native code)
C  0x0000023527fc8c7e


siginfo: EXCEPTION_ACCESS_VIOLATION (0xc0000005), reading address 0x0000000000000000


Register to memory mapping:

RIP=0x0000023527fc8c7e is at entry_point+94 in (nmethod*)0x0000023527fc8a90
RAX=0x0 is NULL
RBX={method} {0x0000000800415308} 'getInt' '(J)I' in 'jdk/internal/misc/Unsafe'
RCX=0x000000071240c8e0 is an oop: jdk.internal.misc.Unsafe 
{0x000000071240c8e0} - klass: 'jdk/internal/misc/Unsafe'
 - ---- fields (total size 2 words):
RDX=0x000000071240c8e0 is an oop: jdk.internal.misc.Unsafe 
{0x000000071240c8e0} - klass: 'jdk/internal/misc/Unsafe'
 - ---- fields (total size 2 words):
RSP=0x000000b0bc3ff1b0 is pointing into the stack for thread: 0x0000023520152fd0
RBP=0x000000b0bc3ff260 is pointing into the stack for thread: 0x0000023520152fd0
RSI=0x0000000000000172 is an unknown value
RDI=0x00000235279b9657 is at code_begin+1463 in an Interpreter codelet
return entry points  [0x00000235279b90a0, 0x00000235279b9ba0]  2816 bytes
R8 =0x0 is NULL
R9 =0x0000000000000002 is an unknown value
R10=0x00007ffa374ddd40 jvm.dll
R11=0x0000023527fc8c40 is at entry_point+32 in (nmethod*)0x0000023527fc8a90
R12=0x0 is NULL
R13=0x000000b0bc3ff200 is pointing into the stack for thread: 0x0000023520152fd0
R14=0x000000b0bc3ff280 is pointing into the stack for thread: 0x0000023520152fd0
R15=0x0000023520152fd0 is a thread


Registers:
RAX=0x0000000000000000, RBX=0x0000000800415300, RCX=0x000000071240c8e0, RDX=0x000000071240c8e0
RSP=0x000000b0bc3ff1b0, RBP=0x000000b0bc3ff260, RSI=0x0000000000000172, RDI=0x00000235279b9657
R8 =0x0000000000000000, R9 =0x0000000000000002, R10=0x00007ffa374ddd40, R11=0x0000023527fc8c40
R12=0x0000000000000000, R13=0x000000b0bc3ff200, R14=0x000000b0bc3ff280, R15=0x0000023520152fd0
RIP=0x0000023527fc8c7e, EFLAGS=0x0000000000010206

Top of Stack: (sp=0x000000b0bc3ff1b0)
0x000000b0bc3ff1b0:   000000b0bc3ff280 00000235279b9657
0x000000b0bc3ff1c0:   000000b0bc3ff260 00000235279c9e2c
0x000000b0bc3ff1d0:   000000b0bc3ff280 00000000000000b6
0x000000b0bc3ff1e0:   000000b0bc3ff260 00000235279b9612
0x000000b0bc3ff1f0:   000002354389b988 00000235279b9612
0x000000b0bc3ff200:   0000000000000000 0000000000000000
0x000000b0bc3ff210:   000000071240c8e0 000000b0bc3ff218
0x000000b0bc3ff220:   000002354389b95c 000000b0bc3ff280
0x000000b0bc3ff230:   000002354389f2b8 0000000000000000
0x000000b0bc3ff240:   0000000711aad160 000002354389b988
0x000000b0bc3ff250:   000000b0bc3ff200 000000b0bc3ff270
0x000000b0bc3ff260:   000000b0bc3ff2d8 00000235279b9612
0x000000b0bc3ff270:   0000000000000000 0000000000000000
0x000000b0bc3ff280:   0000000711aae358 0000000712443d90
0x000000b0bc3ff290:   000000b0bc3ff290 0000023543c03519
0x000000b0bc3ff2a0:   000000b0bc3ff310 0000023543c03640 

Instructions: (pc=0x0000023527fc8c7e)
0x0000023527fc8b7e:   00 00 70 02 00 00 3b 02 00 00 90 01 00 00 70 02
0x0000023527fc8b8e:   00 00 a8 02 00 00 a8 02 00 00 00 00 00 00 c0 02
0x0000023527fc8b9e:   00 00 f0 02 00 00 f8 02 00 00 f8 02 00 00 f8 02
0x0000023527fc8bae:   00 00 f8 02 00 00 f8 02 00 00 f8 02 00 00 28 00
0x0000023527fc8bbe:   00 00 60 01 00 00 03 00 00 00 00 00 00 00 02 00
0x0000023527fc8bce:   00 00 00 00 00 00 00 00 00 00 e0 01 00 00 02 00
0x0000023527fc8bde:   00 00 ff ff ff ff ff ff ff ff 14 60 18 c0 28 10
0x0000023527fc8bee:   13 b0 0e c0 17 64 2c f0 07 80 11 64 29 64 13 00
0x0000023527fc8bfe:   00 64 03 f8 29 37 80 6e fa 7f 05 70 0e 60 01 f8
0x0000023527fc8c0e:   7e ff 0e 90 0c 64 00 00 00 00 00 00 00 00 00 00
0x0000023527fc8c1e:   00 00 44 8b 52 08 49 bb 00 00 00 00 08 00 00 00
0x0000023527fc8c2e:   4d 03 d3 4c 3b d0 0f 85 46 3e a3 ff 66 0f 1f 44
0x0000023527fc8c3e:   00 00 89 84 24 00 90 ff ff 55 48 83 ec 30 48 b8
0x0000023527fc8c4e:   10 d7 87 43 35 02 00 00 8b b0 cc 00 00 00 83 c6
0x0000023527fc8c5e:   02 89 b0 cc 00 00 00 81 e6 fe 07 00 00 83 fe 00
0x0000023527fc8c6e:   0f 84 21 00 00 00 48 b8 00 00 00 00 00 00 00 00
0x0000023527fc8c7e:   42 8b 04 00 48 83 c4 30 5d 49 3b a7 40 03 00 00
0x0000023527fc8c8e:   0f 87 1f 00 00 00 c3 49 ba 00 53 41 00 08 00 00
0x0000023527fc8c9e:   00 4c 89 54 24 08 48 c7 04 24 ff ff ff ff e8 cf
0x0000023527fc8cae:   24 ae ff eb c1 49 ba 87 8c fc 27 35 02 00 00 4d
0x0000023527fc8cbe:   89 97 58 03 00 00 e9 37 a7 a3 ff 90 90 49 8b 87
0x0000023527fc8cce:   d0 03 00 00 49 c7 87 d0 03 00 00 00 00 00 00 49
0x0000023527fc8cde:   c7 87 d8 03 00 00 00 00 00 00 48 83 c4 30 5d e9
0x0000023527fc8cee:   8e c1 ad ff f4 f4 f4 f4 f4 f4 f4 f4 f4 f4 f4 f4
0x0000023527fc8cfe:   f4 f4 e8 7b f1 ad ff 48 b9 80 6e 29 37 fa 7f 00
0x0000023527fc8d0e:   00 48 83 e4 f0 49 ba 10 8b f7 36 fa 7f 00 00 41
0x0000023527fc8d1e:   ff d2 f4 49 ba 21 8d fc 27 35 02 00 00 41 52 e9
0x0000023527fc8d2e:   6e 99 a3 ff f4 f4 f4 f4 f4 f4 00 53 41 00 08 00
0x0000023527fc8d3e:   00 00 ff 03 00 92 01 00 00 d4 05 00 01 00 01 00
0x0000023527fc8d4e:   00 00 ff ff ff ff 00 00 00 00 00 00 00 00 00 00
0x0000023527fc8d5e:   00 00 91 00 00 00 09 00 00 00 00 00 00 00 00 00
0x0000023527fc8d6e:   00 00 19 01 00 00 00 00 00 00 00 00 00 00 00 00 


Stack slot to memory mapping:
stack at sp + 0 slots: 0x000000b0bc3ff280 is pointing into the stack for thread: 0x0000023520152fd0
stack at sp + 1 slots: 0x00000235279b9657 is at code_begin+1463 in an Interpreter codelet
return entry points  [0x00000235279b90a0, 0x00000235279b9ba0]  2816 bytes
stack at sp + 2 slots: 0x000000b0bc3ff260 is pointing into the stack for thread: 0x0000023520152fd0
stack at sp + 3 slots: 0x00000235279c9e2c is at code_begin+172 in an Interpreter codelet
invokevirtual  182 invokevirtual  [0x00000235279c9d80, 0x00000235279ca260]  1248 bytes
stack at sp + 4 slots: 0x000000b0bc3ff280 is pointing into the stack for thread: 0x0000023520152fd0
stack at sp + 5 slots: 0x00000000000000b6 is an unknown value
stack at sp + 6 slots: 0x000000b0bc3ff260 is pointing into the stack for thread: 0x0000023520152fd0
stack at sp + 7 slots: 0x00000235279b9612 is at code_begin+1394 in an Interpreter codelet
return entry points  [0x00000235279b90a0, 0x00000235279b9ba0]  2816 bytes

--------------------------------------------------------------------------------
[Constant Pool (empty)]

--------------------------------------------------------------------------------

[MachCode]
  0x0000023527fc8c20: 448b 5208 | 49bb 0000 | 0000 0800 | 0000 4d03 | d34c 3bd0 | 0f85 463e | a3ff 660f | 1f44 0000 
  0x0000023527fc8c40: 8984 2400 | 90ff ff55 | 4883 ec30 | 48b8 10d7 | 8743 3502 | 0000 8bb0 | cc00 0000 | 83c6 0289 
  0x0000023527fc8c60: b0cc 0000 | 0081 e6fe | 0700 0083 | fe00 0f84 | 2100 0000 | 48b8 0000 | 0000 0000 | 0000 428b 
  0x0000023527fc8c80: 0400 4883 | c430 5d49 | 3ba7 4003 | 0000 0f87 | 1f00 0000 | c349 ba00 | 5341 0008 | 0000 004c 
  0x0000023527fc8ca0: 8954 2408 | 48c7 0424 | ffff ffff | e8cf 24ae | ffeb c149 | ba87 8cfc | 2735 0200 | 004d 8997 
  0x0000023527fc8cc0: 5803 0000 | e937 a7a3 | ff90 9049 | 8b87 d003 | 0000 49c7 | 87d0 0300 | 0000 0000 | 0049 c787 
  0x0000023527fc8ce0: d803 0000 | 0000 0000 | 4883 c430 | 5de9 8ec1 | adff f4f4 | f4f4 f4f4 | f4f4 f4f4 | f4f4 f4f4 
  0x0000023527fc8d00: e87b f1ad | ff48 b980 | 6e29 37fa | 7f00 0048 | 83e4 f049 | ba10 8bf7 | 36fa 7f00 | 0041 ffd2 
  0x0000023527fc8d20: f449 ba21 | 8dfc 2735 | 0200 0041 | 52e9 6e99 | a3ff f4f4 | f4f4 f4f4 
[/MachCode]
--------------------------------------------------------------------------------


---------------  P R O C E S S  ---------------

Threads class SMR info:
_java_thread_list=0x000002354354a5e0, length=14, elements={
0x0000023520152fd0, 0x000002354074d000, 0x000002354074fbc0, 0x000002354076c3a0,
0x000002354076ea20, 0x000002354076dbb0, 0x000002354076bed0, 0x0000023540774bb0,
0x0000023540775e70, 0x000002354078b010, 0x000002354076d210, 0x0000023543546560,
0x000002354076b060, 0x000002354076e080
}

Java Threads: ( => current thread )
=>0x0000023520152fd0 JavaThread "main" [_thread_in_Java, id=18612, stack(0x000000b0bc300000,0x000000b0bc400000)]
  0x000002354074d000 JavaThread "Reference Handler" daemon [_thread_blocked, id=11212, stack(0x000000b0bca00000,0x000000b0bcb00000)]
  0x000002354074fbc0 JavaThread "Finalizer" daemon [_thread_blocked, id=7040, stack(0x000000b0bcb00000,0x000000b0bcc00000)]
  0x000002354076c3a0 JavaThread "Signal Dispatcher" daemon [_thread_blocked, id=19832, stack(0x000000b0bcc00000,0x000000b0bcd00000)]
  0x000002354076ea20 JavaThread "Attach Listener" daemon [_thread_blocked, id=17176, stack(0x000000b0bcd00000,0x000000b0bce00000)]
  0x000002354076dbb0 JavaThread "Service Thread" daemon [_thread_blocked, id=16612, stack(0x000000b0bce00000,0x000000b0bcf00000)]
  0x000002354076bed0 JavaThread "Monitor Deflation Thread" daemon [_thread_blocked, id=20348, stack(0x000000b0bcf00000,0x000000b0bd000000)]
  0x0000023540774bb0 JavaThread "C2 CompilerThread0" daemon [_thread_blocked, id=8588, stack(0x000000b0bd000000,0x000000b0bd100000)]
  0x0000023540775e70 JavaThread "C1 CompilerThread0" daemon [_thread_blocked, id=13824, stack(0x000000b0bd100000,0x000000b0bd200000)]
  0x000002354078b010 JavaThread "Sweeper thread" daemon [_thread_blocked, id=24504, stack(0x000000b0bd200000,0x000000b0bd300000)]
  0x000002354076d210 JavaThread "Common-Cleaner" daemon [_thread_blocked, id=6576, stack(0x000000b0bd300000,0x000000b0bd400000)]
  0x0000023543546560 JavaThread "C2 CompilerThread1" daemon [_thread_blocked, id=9828, stack(0x000000b0bd400000,0x000000b0bd500000)]
  0x000002354076b060 JavaThread "Monitor Ctrl-Break" daemon [_thread_in_native, id=14832, stack(0x000000b0bd500000,0x000000b0bd600000)]
  0x000002354076e080 JavaThread "Notification Thread" daemon [_thread_blocked, id=20428, stack(0x000000b0bd600000,0x000000b0bd700000)]

Other Threads:
  0x000002354074a550 VMThread "VM Thread" [stack: 0x000000b0bc900000,0x000000b0bca00000] [id=20064]
  0x00000235201d3da0 WatcherThread [stack: 0x000000b0bd700000,0x000000b0bd800000] [id=22532]
  0x00000235201bf0c0 GCTaskThread "GC Thread#0" [stack: 0x000000b0bc400000,0x000000b0bc500000] [id=9748]
  0x00000235201ccf80 ConcurrentGCThread "G1 Main Marker" [stack: 0x000000b0bc500000,0x000000b0bc600000] [id=9544]
  0x00000235201cd990 ConcurrentGCThread "G1 Conc#0" [stack: 0x000000b0bc600000,0x000000b0bc700000] [id=22568]
  0x000002352020df90 ConcurrentGCThread "G1 Refine#0" [stack: 0x000000b0bc700000,0x000000b0bc800000] [id=24532]
  0x000002352020e9b0 ConcurrentGCThread "G1 Service" [stack: 0x000000b0bc800000,0x000000b0bc900000] [id=7672]

Threads with active compile tasks:

VM state: not at safepoint (normal execution)

VM Mutex/Monitor currently owned by a thread: None

Heap address: 0x0000000702800000, size: 4056 MB, Compressed Oops mode: Zero based, Oop shift amount: 3

CDS archive(s) mapped at: [0x0000000800000000-0x0000000800bd0000-0x0000000800bd0000), size 12386304, SharedBaseAddress: 0x0000000800000000, ArchiveRelocationMode: 0.
Compressed class space mapped at: 0x0000000800c00000-0x0000000840c00000, reserved size: 1073741824
Narrow klass base: 0x0000000800000000, Narrow klass shift: 0, Narrow klass range: 0x100000000

GC Precious Log:
 CPUs: 12 total, 12 available
 Memory: 16220M
 Large Page Support: Disabled
 NUMA Support: Disabled
 Compressed Oops: Enabled (Zero based)
 Heap Region Size: 2M
 Heap Min Capacity: 8M
 Heap Initial Capacity: 254M
 Heap Max Capacity: 4056M
 Pre-touch: Disabled
 Parallel Workers: 10
 Concurrent Workers: 3
 Concurrent Refinement Workers: 10
 Periodic GC: Disabled

Heap:
 garbage-first heap   total 260096K, used 10240K [0x0000000702800000, 0x0000000800000000)
  region size 2048K, 6 young (12288K), 0 survivors (0K)
 Metaspace       used 966K, committed 1088K, reserved 1056768K
  class space    used 66K, committed 128K, reserved 1048576K

Heap Regions: E=young(eden), S=young(survivor), O=old, HS=humongous(starts), HC=humongous(continues), CS=collection set, F=free, OA=open archive, CA=closed archive, TAMS=top-at-mark-start (previous, next)
|   0|0x0000000702800000, 0x0000000702800000, 0x0000000702a00000|  0%| F|  |TAMS 0x0000000702800000, 0x0000000702800000| Untracked 
|   1|0x0000000702a00000, 0x0000000702a00000, 0x0000000702c00000|  0%| F|  |TAMS 0x0000000702a00000, 0x0000000702a00000| Untracked 
|   2|0x0000000702c00000, 0x0000000702c00000, 0x0000000702e00000|  0%| F|  |TAMS 0x0000000702c00000, 0x0000000702c00000| Untracked 
|   3|0x0000000702e00000, 0x0000000702e00000, 0x0000000703000000|  0%| F|  |TAMS 0x0000000702e00000, 0x0000000702e00000| Untracked 
|   4|0x0000000703000000, 0x0000000703000000, 0x0000000703200000|  0%| F|  |TAMS 0x0000000703000000, 0x0000000703000000| Untracked 
|   5|0x0000000703200000, 0x0000000703200000, 0x0000000703400000|  0%| F|  |TAMS 0x0000000703200000, 0x0000000703200000| Untracked 
|   6|0x0000000703400000, 0x0000000703400000, 0x0000000703600000|  0%| F|  |TAMS 0x0000000703400000, 0x0000000703400000| Untracked 
|   7|0x0000000703600000, 0x0000000703600000, 0x0000000703800000|  0%| F|  |TAMS 0x0000000703600000, 0x0000000703600000| Untracked 
|   8|0x0000000703800000, 0x0000000703800000, 0x0000000703a00000|  0%| F|  |TAMS 0x0000000703800000, 0x0000000703800000| Untracked 
|   9|0x0000000703a00000, 0x0000000703a00000, 0x0000000703c00000|  0%| F|  |TAMS 0x0000000703a00000, 0x0000000703a00000| Untracked 
|  10|0x0000000703c00000, 0x0000000703c00000, 0x0000000703e00000|  0%| F|  |TAMS 0x0000000703c00000, 0x0000000703c00000| Untracked 
|  11|0x0000000703e00000, 0x0000000703e00000, 0x0000000704000000|  0%| F|  |TAMS 0x0000000703e00000, 0x0000000703e00000| Untracked 
|  12|0x0000000704000000, 0x0000000704000000, 0x0000000704200000|  0%| F|  |TAMS 0x0000000704000000, 0x0000000704000000| Untracked 
|  13|0x0000000704200000, 0x0000000704200000, 0x0000000704400000|  0%| F|  |TAMS 0x0000000704200000, 0x0000000704200000| Untracked 
|  14|0x0000000704400000, 0x0000000704400000, 0x0000000704600000|  0%| F|  |TAMS 0x0000000704400000, 0x0000000704400000| Untracked 
|  15|0x0000000704600000, 0x0000000704600000, 0x0000000704800000|  0%| F|  |TAMS 0x0000000704600000, 0x0000000704600000| Untracked 
|  16|0x0000000704800000, 0x0000000704800000, 0x0000000704a00000|  0%| F|  |TAMS 0x0000000704800000, 0x0000000704800000| Untracked 
|  17|0x0000000704a00000, 0x0000000704a00000, 0x0000000704c00000|  0%| F|  |TAMS 0x0000000704a00000, 0x0000000704a00000| Untracked 
|  18|0x0000000704c00000, 0x0000000704c00000, 0x0000000704e00000|  0%| F|  |TAMS 0x0000000704c00000, 0x0000000704c00000| Untracked 
|  19|0x0000000704e00000, 0x0000000704e00000, 0x0000000705000000|  0%| F|  |TAMS 0x0000000704e00000, 0x0000000704e00000| Untracked 
|  20|0x0000000705000000, 0x0000000705000000, 0x0000000705200000|  0%| F|  |TAMS 0x0000000705000000, 0x0000000705000000| Untracked 
|  21|0x0000000705200000, 0x0000000705200000, 0x0000000705400000|  0%| F|  |TAMS 0x0000000705200000, 0x0000000705200000| Untracked 
|  22|0x0000000705400000, 0x0000000705400000, 0x0000000705600000|  0%| F|  |TAMS 0x0000000705400000, 0x0000000705400000| Untracked 
|  23|0x0000000705600000, 0x0000000705600000, 0x0000000705800000|  0%| F|  |TAMS 0x0000000705600000, 0x0000000705600000| Untracked 
|  24|0x0000000705800000, 0x0000000705800000, 0x0000000705a00000|  0%| F|  |TAMS 0x0000000705800000, 0x0000000705800000| Untracked 
|  25|0x0000000705a00000, 0x0000000705a00000, 0x0000000705c00000|  0%| F|  |TAMS 0x0000000705a00000, 0x0000000705a00000| Untracked 
|  26|0x0000000705c00000, 0x0000000705c00000, 0x0000000705e00000|  0%| F|  |TAMS 0x0000000705c00000, 0x0000000705c00000| Untracked 
|  27|0x0000000705e00000, 0x0000000705e00000, 0x0000000706000000|  0%| F|  |TAMS 0x0000000705e00000, 0x0000000705e00000| Untracked 
|  28|0x0000000706000000, 0x0000000706000000, 0x0000000706200000|  0%| F|  |TAMS 0x0000000706000000, 0x0000000706000000| Untracked 
|  29|0x0000000706200000, 0x0000000706200000, 0x0000000706400000|  0%| F|  |TAMS 0x0000000706200000, 0x0000000706200000| Untracked 
|  30|0x0000000706400000, 0x0000000706400000, 0x0000000706600000|  0%| F|  |TAMS 0x0000000706400000, 0x0000000706400000| Untracked 
|  31|0x0000000706600000, 0x0000000706600000, 0x0000000706800000|  0%| F|  |TAMS 0x0000000706600000, 0x0000000706600000| Untracked 
|  32|0x0000000706800000, 0x0000000706800000, 0x0000000706a00000|  0%| F|  |TAMS 0x0000000706800000, 0x0000000706800000| Untracked 
|  33|0x0000000706a00000, 0x0000000706a00000, 0x0000000706c00000|  0%| F|  |TAMS 0x0000000706a00000, 0x0000000706a00000| Untracked 
|  34|0x0000000706c00000, 0x0000000706c00000, 0x0000000706e00000|  0%| F|  |TAMS 0x0000000706c00000, 0x0000000706c00000| Untracked 
|  35|0x0000000706e00000, 0x0000000706e00000, 0x0000000707000000|  0%| F|  |TAMS 0x0000000706e00000, 0x0000000706e00000| Untracked 
|  36|0x0000000707000000, 0x0000000707000000, 0x0000000707200000|  0%| F|  |TAMS 0x0000000707000000, 0x0000000707000000| Untracked 
|  37|0x0000000707200000, 0x0000000707200000, 0x0000000707400000|  0%| F|  |TAMS 0x0000000707200000, 0x0000000707200000| Untracked 
|  38|0x0000000707400000, 0x0000000707400000, 0x0000000707600000|  0%| F|  |TAMS 0x0000000707400000, 0x0000000707400000| Untracked 
|  39|0x0000000707600000, 0x0000000707600000, 0x0000000707800000|  0%| F|  |TAMS 0x0000000707600000, 0x0000000707600000| Untracked 
|  40|0x0000000707800000, 0x0000000707800000, 0x0000000707a00000|  0%| F|  |TAMS 0x0000000707800000, 0x0000000707800000| Untracked 
|  41|0x0000000707a00000, 0x0000000707a00000, 0x0000000707c00000|  0%| F|  |TAMS 0x0000000707a00000, 0x0000000707a00000| Untracked 
|  42|0x0000000707c00000, 0x0000000707c00000, 0x0000000707e00000|  0%| F|  |TAMS 0x0000000707c00000, 0x0000000707c00000| Untracked 
|  43|0x0000000707e00000, 0x0000000707e00000, 0x0000000708000000|  0%| F|  |TAMS 0x0000000707e00000, 0x0000000707e00000| Untracked 
|  44|0x0000000708000000, 0x0000000708000000, 0x0000000708200000|  0%| F|  |TAMS 0x0000000708000000, 0x0000000708000000| Untracked 
|  45|0x0000000708200000, 0x0000000708200000, 0x0000000708400000|  0%| F|  |TAMS 0x0000000708200000, 0x0000000708200000| Untracked 
|  46|0x0000000708400000, 0x0000000708400000, 0x0000000708600000|  0%| F|  |TAMS 0x0000000708400000, 0x0000000708400000| Untracked 
|  47|0x0000000708600000, 0x0000000708600000, 0x0000000708800000|  0%| F|  |TAMS 0x0000000708600000, 0x0000000708600000| Untracked 
|  48|0x0000000708800000, 0x0000000708800000, 0x0000000708a00000|  0%| F|  |TAMS 0x0000000708800000, 0x0000000708800000| Untracked 
|  49|0x0000000708a00000, 0x0000000708a00000, 0x0000000708c00000|  0%| F|  |TAMS 0x0000000708a00000, 0x0000000708a00000| Untracked 
|  50|0x0000000708c00000, 0x0000000708c00000, 0x0000000708e00000|  0%| F|  |TAMS 0x0000000708c00000, 0x0000000708c00000| Untracked 
|  51|0x0000000708e00000, 0x0000000708e00000, 0x0000000709000000|  0%| F|  |TAMS 0x0000000708e00000, 0x0000000708e00000| Untracked 
|  52|0x0000000709000000, 0x0000000709000000, 0x0000000709200000|  0%| F|  |TAMS 0x0000000709000000, 0x0000000709000000| Untracked 
|  53|0x0000000709200000, 0x0000000709200000, 0x0000000709400000|  0%| F|  |TAMS 0x0000000709200000, 0x0000000709200000| Untracked 
|  54|0x0000000709400000, 0x0000000709400000, 0x0000000709600000|  0%| F|  |TAMS 0x0000000709400000, 0x0000000709400000| Untracked 
|  55|0x0000000709600000, 0x0000000709600000, 0x0000000709800000|  0%| F|  |TAMS 0x0000000709600000, 0x0000000709600000| Untracked 
|  56|0x0000000709800000, 0x0000000709800000, 0x0000000709a00000|  0%| F|  |TAMS 0x0000000709800000, 0x0000000709800000| Untracked 
|  57|0x0000000709a00000, 0x0000000709a00000, 0x0000000709c00000|  0%| F|  |TAMS 0x0000000709a00000, 0x0000000709a00000| Untracked 
|  58|0x0000000709c00000, 0x0000000709c00000, 0x0000000709e00000|  0%| F|  |TAMS 0x0000000709c00000, 0x0000000709c00000| Untracked 
|  59|0x0000000709e00000, 0x0000000709e00000, 0x000000070a000000|  0%| F|  |TAMS 0x0000000709e00000, 0x0000000709e00000| Untracked 
|  60|0x000000070a000000, 0x000000070a000000, 0x000000070a200000|  0%| F|  |TAMS 0x000000070a000000, 0x000000070a000000| Untracked 
|  61|0x000000070a200000, 0x000000070a200000, 0x000000070a400000|  0%| F|  |TAMS 0x000000070a200000, 0x000000070a200000| Untracked 
|  62|0x000000070a400000, 0x000000070a400000, 0x000000070a600000|  0%| F|  |TAMS 0x000000070a400000, 0x000000070a400000| Untracked 
|  63|0x000000070a600000, 0x000000070a600000, 0x000000070a800000|  0%| F|  |TAMS 0x000000070a600000, 0x000000070a600000| Untracked 
|  64|0x000000070a800000, 0x000000070a800000, 0x000000070aa00000|  0%| F|  |TAMS 0x000000070a800000, 0x000000070a800000| Untracked 
|  65|0x000000070aa00000, 0x000000070aa00000, 0x000000070ac00000|  0%| F|  |TAMS 0x000000070aa00000, 0x000000070aa00000| Untracked 
|  66|0x000000070ac00000, 0x000000070ac00000, 0x000000070ae00000|  0%| F|  |TAMS 0x000000070ac00000, 0x000000070ac00000| Untracked 
|  67|0x000000070ae00000, 0x000000070ae00000, 0x000000070b000000|  0%| F|  |TAMS 0x000000070ae00000, 0x000000070ae00000| Untracked 
|  68|0x000000070b000000, 0x000000070b000000, 0x000000070b200000|  0%| F|  |TAMS 0x000000070b000000, 0x000000070b000000| Untracked 
|  69|0x000000070b200000, 0x000000070b200000, 0x000000070b400000|  0%| F|  |TAMS 0x000000070b200000, 0x000000070b200000| Untracked 
|  70|0x000000070b400000, 0x000000070b400000, 0x000000070b600000|  0%| F|  |TAMS 0x000000070b400000, 0x000000070b400000| Untracked 
|  71|0x000000070b600000, 0x000000070b600000, 0x000000070b800000|  0%| F|  |TAMS 0x000000070b600000, 0x000000070b600000| Untracked 
|  72|0x000000070b800000, 0x000000070b800000, 0x000000070ba00000|  0%| F|  |TAMS 0x000000070b800000, 0x000000070b800000| Untracked 
|  73|0x000000070ba00000, 0x000000070ba00000, 0x000000070bc00000|  0%| F|  |TAMS 0x000000070ba00000, 0x000000070ba00000| Untracked 
|  74|0x000000070bc00000, 0x000000070bc00000, 0x000000070be00000|  0%| F|  |TAMS 0x000000070bc00000, 0x000000070bc00000| Untracked 
|  75|0x000000070be00000, 0x000000070be00000, 0x000000070c000000|  0%| F|  |TAMS 0x000000070be00000, 0x000000070be00000| Untracked 
|  76|0x000000070c000000, 0x000000070c000000, 0x000000070c200000|  0%| F|  |TAMS 0x000000070c000000, 0x000000070c000000| Untracked 
|  77|0x000000070c200000, 0x000000070c200000, 0x000000070c400000|  0%| F|  |TAMS 0x000000070c200000, 0x000000070c200000| Untracked 
|  78|0x000000070c400000, 0x000000070c400000, 0x000000070c600000|  0%| F|  |TAMS 0x000000070c400000, 0x000000070c400000| Untracked 
|  79|0x000000070c600000, 0x000000070c600000, 0x000000070c800000|  0%| F|  |TAMS 0x000000070c600000, 0x000000070c600000| Untracked 
|  80|0x000000070c800000, 0x000000070c800000, 0x000000070ca00000|  0%| F|  |TAMS 0x000000070c800000, 0x000000070c800000| Untracked 
|  81|0x000000070ca00000, 0x000000070ca00000, 0x000000070cc00000|  0%| F|  |TAMS 0x000000070ca00000, 0x000000070ca00000| Untracked 
|  82|0x000000070cc00000, 0x000000070cc00000, 0x000000070ce00000|  0%| F|  |TAMS 0x000000070cc00000, 0x000000070cc00000| Untracked 
|  83|0x000000070ce00000, 0x000000070ce00000, 0x000000070d000000|  0%| F|  |TAMS 0x000000070ce00000, 0x000000070ce00000| Untracked 
|  84|0x000000070d000000, 0x000000070d000000, 0x000000070d200000|  0%| F|  |TAMS 0x000000070d000000, 0x000000070d000000| Untracked 
|  85|0x000000070d200000, 0x000000070d200000, 0x000000070d400000|  0%| F|  |TAMS 0x000000070d200000, 0x000000070d200000| Untracked 
|  86|0x000000070d400000, 0x000000070d400000, 0x000000070d600000|  0%| F|  |TAMS 0x000000070d400000, 0x000000070d400000| Untracked 
|  87|0x000000070d600000, 0x000000070d600000, 0x000000070d800000|  0%| F|  |TAMS 0x000000070d600000, 0x000000070d600000| Untracked 
|  88|0x000000070d800000, 0x000000070d800000, 0x000000070da00000|  0%| F|  |TAMS 0x000000070d800000, 0x000000070d800000| Untracked 
|  89|0x000000070da00000, 0x000000070da00000, 0x000000070dc00000|  0%| F|  |TAMS 0x000000070da00000, 0x000000070da00000| Untracked 
|  90|0x000000070dc00000, 0x000000070dc00000, 0x000000070de00000|  0%| F|  |TAMS 0x000000070dc00000, 0x000000070dc00000| Untracked 
|  91|0x000000070de00000, 0x000000070de00000, 0x000000070e000000|  0%| F|  |TAMS 0x000000070de00000, 0x000000070de00000| Untracked 
|  92|0x000000070e000000, 0x000000070e000000, 0x000000070e200000|  0%| F|  |TAMS 0x000000070e000000, 0x000000070e000000| Untracked 
|  93|0x000000070e200000, 0x000000070e200000, 0x000000070e400000|  0%| F|  |TAMS 0x000000070e200000, 0x000000070e200000| Untracked 
|  94|0x000000070e400000, 0x000000070e400000, 0x000000070e600000|  0%| F|  |TAMS 0x000000070e400000, 0x000000070e400000| Untracked 
|  95|0x000000070e600000, 0x000000070e600000, 0x000000070e800000|  0%| F|  |TAMS 0x000000070e600000, 0x000000070e600000| Untracked 
|  96|0x000000070e800000, 0x000000070e800000, 0x000000070ea00000|  0%| F|  |TAMS 0x000000070e800000, 0x000000070e800000| Untracked 
|  97|0x000000070ea00000, 0x000000070ea00000, 0x000000070ec00000|  0%| F|  |TAMS 0x000000070ea00000, 0x000000070ea00000| Untracked 
|  98|0x000000070ec00000, 0x000000070ec00000, 0x000000070ee00000|  0%| F|  |TAMS 0x000000070ec00000, 0x000000070ec00000| Untracked 
|  99|0x000000070ee00000, 0x000000070ee00000, 0x000000070f000000|  0%| F|  |TAMS 0x000000070ee00000, 0x000000070ee00000| Untracked 
| 100|0x000000070f000000, 0x000000070f000000, 0x000000070f200000|  0%| F|  |TAMS 0x000000070f000000, 0x000000070f000000| Untracked 
| 101|0x000000070f200000, 0x000000070f200000, 0x000000070f400000|  0%| F|  |TAMS 0x000000070f200000, 0x000000070f200000| Untracked 
| 102|0x000000070f400000, 0x000000070f400000, 0x000000070f600000|  0%| F|  |TAMS 0x000000070f400000, 0x000000070f400000| Untracked 
| 103|0x000000070f600000, 0x000000070f600000, 0x000000070f800000|  0%| F|  |TAMS 0x000000070f600000, 0x000000070f600000| Untracked 
| 104|0x000000070f800000, 0x000000070f800000, 0x000000070fa00000|  0%| F|  |TAMS 0x000000070f800000, 0x000000070f800000| Untracked 
| 105|0x000000070fa00000, 0x000000070fa00000, 0x000000070fc00000|  0%| F|  |TAMS 0x000000070fa00000, 0x000000070fa00000| Untracked 
| 106|0x000000070fc00000, 0x000000070fc00000, 0x000000070fe00000|  0%| F|  |TAMS 0x000000070fc00000, 0x000000070fc00000| Untracked 
| 107|0x000000070fe00000, 0x000000070fe00000, 0x0000000710000000|  0%| F|  |TAMS 0x000000070fe00000, 0x000000070fe00000| Untracked 
| 108|0x0000000710000000, 0x0000000710000000, 0x0000000710200000|  0%| F|  |TAMS 0x0000000710000000, 0x0000000710000000| Untracked 
| 109|0x0000000710200000, 0x0000000710200000, 0x0000000710400000|  0%| F|  |TAMS 0x0000000710200000, 0x0000000710200000| Untracked 
| 110|0x0000000710400000, 0x0000000710400000, 0x0000000710600000|  0%| F|  |TAMS 0x0000000710400000, 0x0000000710400000| Untracked 
| 111|0x0000000710600000, 0x0000000710600000, 0x0000000710800000|  0%| F|  |TAMS 0x0000000710600000, 0x0000000710600000| Untracked 
| 112|0x0000000710800000, 0x0000000710800000, 0x0000000710a00000|  0%| F|  |TAMS 0x0000000710800000, 0x0000000710800000| Untracked 
| 113|0x0000000710a00000, 0x0000000710a00000, 0x0000000710c00000|  0%| F|  |TAMS 0x0000000710a00000, 0x0000000710a00000| Untracked 
| 114|0x0000000710c00000, 0x0000000710c00000, 0x0000000710e00000|  0%| F|  |TAMS 0x0000000710c00000, 0x0000000710c00000| Untracked 
| 115|0x0000000710e00000, 0x0000000710e00000, 0x0000000711000000|  0%| F|  |TAMS 0x0000000710e00000, 0x0000000710e00000| Untracked 
| 116|0x0000000711000000, 0x0000000711000000, 0x0000000711200000|  0%| F|  |TAMS 0x0000000711000000, 0x0000000711000000| Untracked 
| 117|0x0000000711200000, 0x0000000711200000, 0x0000000711400000|  0%| F|  |TAMS 0x0000000711200000, 0x0000000711200000| Untracked 
| 118|0x0000000711400000, 0x0000000711400000, 0x0000000711600000|  0%| F|  |TAMS 0x0000000711400000, 0x0000000711400000| Untracked 
| 119|0x0000000711600000, 0x0000000711600000, 0x0000000711800000|  0%| F|  |TAMS 0x0000000711600000, 0x0000000711600000| Untracked 
| 120|0x0000000711800000, 0x0000000711800000, 0x0000000711a00000|  0%| F|  |TAMS 0x0000000711800000, 0x0000000711800000| Untracked 
| 121|0x0000000711a00000, 0x0000000711b7b5b8, 0x0000000711c00000| 74%| E|  |TAMS 0x0000000711a00000, 0x0000000711a00000| Complete 
| 122|0x0000000711c00000, 0x0000000711e00000, 0x0000000711e00000|100%| E|CS|TAMS 0x0000000711c00000, 0x0000000711c00000| Complete 
| 123|0x0000000711e00000, 0x0000000712000000, 0x0000000712000000|100%| E|CS|TAMS 0x0000000711e00000, 0x0000000711e00000| Complete 
| 124|0x0000000712000000, 0x0000000712200000, 0x0000000712200000|100%| E|CS|TAMS 0x0000000712000000, 0x0000000712000000| Complete 
| 125|0x0000000712200000, 0x0000000712400000, 0x0000000712400000|100%| E|CS|TAMS 0x0000000712200000, 0x0000000712200000| Complete 
| 126|0x0000000712400000, 0x0000000712600000, 0x0000000712600000|100%| E|CS|TAMS 0x0000000712400000, 0x0000000712400000| Complete 

Card table byte_map: [0x0000023537700000,0x0000023537ef0000] _byte_map_base: 0x0000023533eec000

Marking Bits (Prev, Next): (CMBitMap*) 0x00000235201bf6d0, (CMBitMap*) 0x00000235201bf710
 Prev Bits: [0x00000235386e0000, 0x000002353c640000)
 Next Bits: [0x000002353c640000, 0x00000235405a0000)

Polling page: 0x000002351e100000

Metaspace:

Usage:
  Non-class:    899.84 KB used.
      Class:     66.42 KB used.
       Both:    966.26 KB used.

Virtual space:
  Non-class space:        8.00 MB reserved,     960.00 KB ( 12%) committed,  1 nodes.
      Class space:        1.00 GB reserved,     128.00 KB ( <1%) committed,  1 nodes.
             Both:        1.01 GB reserved,       1.06 MB ( <1%) committed. 

Chunk freelists:
   Non-Class:  3.98 MB
       Class:  3.74 MB
        Both:  7.72 MB

MaxMetaspaceSize: unlimited
CompressedClassSpaceSize: 1.00 GB
Initial GC threshold: 21.00 MB
Current GC threshold: 21.00 MB
CDS: on
MetaspaceReclaimPolicy: balanced
 - commit_granule_bytes: 65536.
 - commit_granule_words: 8192.
 - virtual_space_node_default_size: 1048576.
 - enlarge_chunks_in_place: 1.
 - new_chunks_are_fully_committed: 0.
 - uncommit_free_chunks: 1.
 - use_allocation_guard: 0.
 - handle_deallocations: 1.


Internal statistics:

num_allocs_failed_limit: 0.
num_arena_births: 10.
num_arena_deaths: 0.
num_vsnodes_births: 2.
num_vsnodes_deaths: 0.
num_space_committed: 17.
num_space_uncommitted: 0.
num_chunks_returned_to_freelist: 0.
num_chunks_taken_from_freelist: 14.
num_chunk_merges: 0.
num_chunk_splits: 7.
num_chunks_enlarged: 4.
num_purges: 0.
num_inconsistent_stats: 0.

CodeHeap 'non-profiled nmethods': size=120000Kb used=143Kb max_used=143Kb free=119857Kb
 bounds [0x000002352f480000, 0x000002352f6f0000, 0x00000235369b0000]
CodeHeap 'profiled nmethods': size=120000Kb used=649Kb max_used=649Kb free=119351Kb
 bounds [0x0000023527f50000, 0x00000235281c0000, 0x000002352f480000]
CodeHeap 'non-nmethods': size=5760Kb used=1123Kb max_used=1132Kb free=4636Kb
 bounds [0x00000235279b0000, 0x0000023527c20000, 0x0000023527f50000]
 total_blobs=840 nmethods=434 adapters=319
 compilation: enabled
              stopped_count=0, restarted_count=0
 full_count=0

Compilation events (20 events):
Event: 0.258 Thread 0x0000023540775e70  419       3       java.util.Objects::checkIndex (7 bytes)
Event: 0.259 Thread 0x0000023540775e70 nmethod 419 0x0000023527feb690 code [0x0000023527feb840, 0x0000023527feba48]
Event: 0.259 Thread 0x0000023540775e70  420       3       jdk.internal.util.Preconditions::checkIndex (18 bytes)
Event: 0.259 Thread 0x0000023540775e70 nmethod 420 0x0000023527febb90 code [0x0000023527febd40, 0x0000023527febee8]
Event: 0.259 Thread 0x0000023540775e70  421       3       java.util.ArrayList::elementData (7 bytes)
Event: 0.259 Thread 0x0000023540775e70 nmethod 421 0x0000023527febf90 code [0x0000023527fec120, 0x0000023527fec258]
Event: 0.259 Thread 0x0000023540775e70  416       3       java.util.jar.JarFile::getJarEntry (9 bytes)
Event: 0.259 Thread 0x0000023540775e70 nmethod 416 0x0000023527fec310 code [0x0000023527fec500, 0x0000023527fec9d8]
Event: 0.259 Thread 0x0000023540775e70  417       3       java.util.jar.JarFile::getEntry (35 bytes)
Event: 0.259 Thread 0x0000023540775e70 nmethod 417 0x0000023527fecb10 code [0x0000023527fecd00, 0x0000023527fed198]
Event: 0.259 Thread 0x0000023540775e70  422  s!   3       jdk.internal.loader.URLClassPath::getLoader (194 bytes)
Event: 0.260 Thread 0x0000023540775e70 nmethod 422 0x0000023527fed310 code [0x0000023527fed620, 0x0000023527feea48]
Event: 0.260 Thread 0x0000023540775e70  423   !   3       jdk.internal.loader.URLClassPath$JarLoader::getResource (65 bytes)
Event: 0.260 Thread 0x0000023540775e70 nmethod 423 0x0000023527fef210 code [0x0000023527fef460, 0x0000023527fefdc8]
Event: 0.264 Thread 0x0000023540775e70  424       3       java.lang.invoke.MemberName::isInvocable (8 bytes)
Event: 0.264 Thread 0x0000023540775e70 nmethod 424 0x0000023527ff0110 code [0x0000023527ff02c0, 0x0000023527ff0558]
Event: 0.264 Thread 0x0000023540775e70  425       3       java.lang.invoke.MemberName::testAnyFlags (15 bytes)
Event: 0.264 Thread 0x0000023540775e70 nmethod 425 0x0000023527ff0690 code [0x0000023527ff0840, 0x0000023527ff0a78]
Event: 0.267 Thread 0x0000023540775e70  427       3       java.lang.StringUTF16::compress (20 bytes)
Event: 0.267 Thread 0x0000023540775e70 nmethod 427 0x0000023527ff0b10 code [0x0000023527ff0cc0, 0x0000023527ff0f08]

GC Heap History (0 events):
No events

Deoptimization events (20 events):
Event: 0.178 Thread 0x0000023520152fd0 DEOPT PACKING pc=0x0000023527f9368c sp=0x000000b0bc3fdd90
Event: 0.178 Thread 0x0000023520152fd0 DEOPT UNPACKING pc=0x0000023527a02b43 sp=0x000000b0bc3fd220 mode 0
Event: 0.178 Thread 0x0000023520152fd0 DEOPT PACKING pc=0x0000023527f9368c sp=0x000000b0bc3fdd90
Event: 0.178 Thread 0x0000023520152fd0 DEOPT UNPACKING pc=0x0000023527a02b43 sp=0x000000b0bc3fd220 mode 0
Event: 0.178 Thread 0x0000023520152fd0 DEOPT PACKING pc=0x0000023527f9368c sp=0x000000b0bc3fdd90
Event: 0.178 Thread 0x0000023520152fd0 DEOPT UNPACKING pc=0x0000023527a02b43 sp=0x000000b0bc3fd220 mode 0
Event: 0.208 Thread 0x0000023520152fd0 Uncommon trap: trap_request=0xffffff45 fr.pc=0x000002352f495518 relative=0x00000000000008b8
Event: 0.208 Thread 0x0000023520152fd0 Uncommon trap: reason=unstable_if action=reinterpret pc=0x000002352f495518 method=java.util.HashMap.putVal(ILjava/lang/Object;Ljava/lang/Object;ZZ)Ljava/lang/Object; @ 181 c2
Event: 0.208 Thread 0x0000023520152fd0 DEOPT PACKING pc=0x000002352f495518 sp=0x000000b0bc3fe770
Event: 0.208 Thread 0x0000023520152fd0 DEOPT UNPACKING pc=0x0000023527a023a3 sp=0x000000b0bc3fe710 mode 2
Event: 0.220 Thread 0x0000023520152fd0 Uncommon trap: trap_request=0xffffff45 fr.pc=0x000002352f496530 relative=0x0000000000000190
Event: 0.220 Thread 0x0000023520152fd0 Uncommon trap: reason=unstable_if action=reinterpret pc=0x000002352f496530 method=java.util.zip.ZipFile$Source.isMetaName([BII)Z @ 43 c2
Event: 0.220 Thread 0x0000023520152fd0 DEOPT PACKING pc=0x000002352f496530 sp=0x000000b0bc3fdec0
Event: 0.220 Thread 0x0000023520152fd0 DEOPT UNPACKING pc=0x0000023527a023a3 sp=0x000000b0bc3fde68 mode 2
Event: 0.244 Thread 0x0000023520152fd0 DEOPT PACKING pc=0x0000023527fa13b4 sp=0x000000b0bc3fe080
Event: 0.244 Thread 0x0000023520152fd0 DEOPT UNPACKING pc=0x0000023527a02b43 sp=0x000000b0bc3fd4f0 mode 0
Event: 0.256 Thread 0x0000023520152fd0 Uncommon trap: trap_request=0xffffff45 fr.pc=0x000002352f49d130 relative=0x0000000000000190
Event: 0.256 Thread 0x0000023520152fd0 Uncommon trap: reason=unstable_if action=reinterpret pc=0x000002352f49d130 method=java.util.zip.ZipFile$Source.isMetaName([BII)Z @ 57 c2
Event: 0.256 Thread 0x0000023520152fd0 DEOPT PACKING pc=0x000002352f49d130 sp=0x000000b0bc3fdde0
Event: 0.256 Thread 0x0000023520152fd0 DEOPT UNPACKING pc=0x0000023527a023a3 sp=0x000000b0bc3fdd70 mode 2

Classes unloaded (0 events):
No events

Classes redefined (0 events):
No events

Internal exceptions (2 events):
Event: 0.264 Thread 0x0000023520152fd0 Implicit null exception at 0x0000023527fc8c7e to 0x0000000000000000
Event: 0.265 Thread 0x000002354076b060 Exception <a 'java/lang/NoSuchMethodError'{0x0000000711b0f100}: 'java.lang.Object java.lang.invoke.DirectMethodHandle$Holder.invokeStaticInit(java.lang.Object)'> (0x0000000711b0f100) 
thrown [s\open\src\hotspot\share\interpreter\linkResolver.cpp, line 759]

VM Operations (4 events):
Event: 0.143 Executing VM operation: HandshakeAllThreads
Event: 0.143 Executing VM operation: HandshakeAllThreads done
Event: 0.264 Executing VM operation: HandshakeAllThreads
Event: 0.264 Executing VM operation: HandshakeAllThreads done

Events (20 events):
Event: 0.263 loading class java/lang/IllegalAccessException done
Event: 0.263 loading class sun/misc/Unsafe
Event: 0.263 loading class sun/misc/Unsafe done
Event: 0.264 loading class jdk/internal/reflect/UnsafeFieldAccessorFactory
Event: 0.264 loading class jdk/internal/reflect/UnsafeFieldAccessorFactory done
Event: 0.264 loading class jdk/internal/reflect/UnsafeQualifiedStaticObjectFieldAccessorImpl
Event: 0.264 loading class jdk/internal/reflect/UnsafeQualifiedStaticFieldAccessorImpl
Event: 0.264 loading class jdk/internal/reflect/UnsafeQualifiedStaticFieldAccessorImpl done
Event: 0.264 loading class jdk/internal/reflect/UnsafeQualifiedStaticObjectFieldAccessorImpl done
Event: 0.264 loading class java/net/InetSocketAddress$InetSocketAddressHolder
Event: 0.264 loading class java/net/InetSocketAddress$InetSocketAddressHolder done
Event: 0.264 loading class java/net/SocketImpl
Event: 0.265 loading class java/net/SocketOptions
Event: 0.265 loading class java/net/SocketOptions done
Event: 0.265 loading class java/net/SocketImpl done
Event: 0.266 loading class sun/net/NetProperties
Event: 0.266 loading class sun/net/NetProperties done
Event: 0.266 loading class sun/net/NetProperties$1
Event: 0.266 loading class sun/net/NetProperties$1 done
Event: 0.267 loading class sun/nio/ch/NioSocketImpl


Dynamic libraries:
0x00007ff6aa270000 - 0x00007ff6aa280000 	C:\Program Files\Java\jdk-17.0.5\bin\java.exe
0x00007ffa890f0000 - 0x00007ffa89304000 	C:\WINDOWS\SYSTEM32\ntdll.dll
0x00007ffa87ae0000 - 0x00007ffa87ba2000 	C:\WINDOWS\System32\KERNEL32.DLL
0x00007ffa86890000 - 0x00007ffa86c33000 	C:\WINDOWS\System32\KERNELBASE.dll
0x00007ffa86db0000 - 0x00007ffa86ec1000 	C:\WINDOWS\System32\ucrtbase.dll
0x00007ffa80ec0000 - 0x00007ffa80ed8000 	C:\Program Files\Java\jdk-17.0.5\bin\jli.dll
0x00007ffa72aa0000 - 0x00007ffa72aba000 	C:\Program Files\Java\jdk-17.0.5\bin\VCRUNTIME140.dll
0x00007ffa88e40000 - 0x00007ffa88eee000 	C:\WINDOWS\System32\ADVAPI32.dll
0x00007ffa88d40000 - 0x00007ffa88de7000 	C:\WINDOWS\System32\msvcrt.dll
0x00007ffa886e0000 - 0x00007ffa88784000 	C:\WINDOWS\System32\sechost.dll
0x00007ffa88a60000 - 0x00007ffa88b77000 	C:\WINDOWS\System32\RPCRT4.dll
0x00007ffa87930000 - 0x00007ffa87adb000 	C:\WINDOWS\System32\USER32.dll
0x00007ffa866d0000 - 0x00007ffa866f6000 	C:\WINDOWS\System32\win32u.dll
0x00007ffa6b010000 - 0x00007ffa6b29e000 	C:\WINDOWS\WinSxS\amd64_microsoft.windows.common-controls_6595b64144ccf1df_6.0.22621.1635_none_270f70857386168e\COMCTL32.dll
0x00007ffa88a30000 - 0x00007ffa88a59000 	C:\WINDOWS\System32\GDI32.dll
0x00007ffa86700000 - 0x00007ffa86819000 	C:\WINDOWS\System32\gdi32full.dll
0x00007ffa864f0000 - 0x00007ffa8658a000 	C:\WINDOWS\System32\msvcp_win.dll
0x00007ffa76880000 - 0x00007ffa7688a000 	C:\WINDOWS\SYSTEM32\VERSION.dll
0x00007ffa886a0000 - 0x00007ffa886d1000 	C:\WINDOWS\System32\IMM32.DLL
0x00007ffa79d50000 - 0x00007ffa79d5c000 	C:\Program Files\Java\jdk-17.0.5\bin\vcruntime140_1.dll
0x00007ffa644a0000 - 0x00007ffa6452d000 	C:\Program Files\Java\jdk-17.0.5\bin\msvcp140.dll
0x00007ffa369d0000 - 0x00007ffa37592000 	C:\Program Files\Java\jdk-17.0.5\bin\server\jvm.dll
0x00007ffa878f0000 - 0x00007ffa878f8000 	C:\WINDOWS\System32\PSAPI.DLL
0x00007ffa5dd90000 - 0x00007ffa5dd99000 	C:\WINDOWS\SYSTEM32\WSOCK32.dll
0x00007ffa7cc40000 - 0x00007ffa7cc74000 	C:\WINDOWS\SYSTEM32\WINMM.dll
0x00007ffa88c30000 - 0x00007ffa88ca1000 	C:\WINDOWS\System32\WS2_32.dll
0x00007ffa85500000 - 0x00007ffa85518000 	C:\WINDOWS\SYSTEM32\kernel.appcore.dll
0x00007ffa74f50000 - 0x00007ffa74f5a000 	C:\Program Files\Java\jdk-17.0.5\bin\jimage.dll
0x00007ffa83e50000 - 0x00007ffa8407e000 	C:\WINDOWS\SYSTEM32\DBGHELP.DLL
0x00007ffa88310000 - 0x00007ffa88699000 	C:\WINDOWS\System32\combase.dll
0x00007ffa88ef0000 - 0x00007ffa88fc7000 	C:\WINDOWS\System32\OLEAUT32.dll
0x00007ffa76250000 - 0x00007ffa76282000 	C:\WINDOWS\SYSTEM32\dbgcore.DLL
0x00007ffa86590000 - 0x00007ffa8660b000 	C:\WINDOWS\System32\bcryptPrimitives.dll
0x00007ffa80d90000 - 0x00007ffa80d9e000 	C:\Program Files\Java\jdk-17.0.5\bin\instrument.dll
0x00007ffa6f5c0000 - 0x00007ffa6f5e5000 	C:\Program Files\Java\jdk-17.0.5\bin\java.dll
0x00007ffa5a950000 - 0x00007ffa5aa26000 	C:\Program Files\Java\jdk-17.0.5\bin\jsvml.dll
0x00007ffa86ed0000 - 0x00007ffa876ca000 	C:\WINDOWS\System32\SHELL32.dll
0x00007ffa844a0000 - 0x00007ffa84d6e000 	C:\WINDOWS\SYSTEM32\windows.storage.dll
0x00007ffa84360000 - 0x00007ffa8449e000 	C:\WINDOWS\SYSTEM32\wintypes.dll
0x00007ffa880c0000 - 0x00007ffa881b1000 	C:\WINDOWS\System32\SHCORE.dll
0x00007ffa876d0000 - 0x00007ffa8772e000 	C:\WINDOWS\System32\shlwapi.dll
0x00007ffa86420000 - 0x00007ffa86441000 	C:\WINDOWS\SYSTEM32\profapi.dll
0x00007ffa6f650000 - 0x00007ffa6f668000 	C:\Program Files\Java\jdk-17.0.5\bin\zip.dll
0x00007ffa716f0000 - 0x00007ffa71709000 	C:\Program Files\Java\jdk-17.0.5\bin\net.dll
0x00007ffa7f360000 - 0x00007ffa7f497000 	C:\WINDOWS\SYSTEM32\WINHTTP.dll
0x00007ffa85960000 - 0x00007ffa859c9000 	C:\WINDOWS\system32\mswsock.dll
0x00007ffa70fe0000 - 0x00007ffa70ff6000 	C:\Program Files\Java\jdk-17.0.5\bin\nio.dll
0x00007ffa718d0000 - 0x00007ffa718ea000 	C:\Users\singx\AppData\Local\JetBrains\Toolbox\apps\IDEA-U\ch-0\231.9011.34\bin\breakgen64.dll

dbghelp: loaded successfully - version: 4.0.5 - missing functions: none
symbol engine: initialized successfully - sym options: 0x614 - pdb path: .;C:\Program Files\Java\jdk-17.0.5\bin;C:\WINDOWS\SYSTEM32;C:\WINDOWS\WinSxS\amd64_microsoft.windows.common-controls_6595b64144ccf1df_6.0.22621.1635_none_270f70857386168e;C:\Program Files\Java\jdk-17.0.5\bin\server;C:\Users\singx\AppData\Local\JetBrains\Toolbox\apps\IDEA-U\ch-0\231.9011.34\bin

VM Arguments:
jvm_args: -javaagent:C:\Users\singx\AppData\Local\JetBrains\Toolbox\apps\IDEA-U\ch-0\231.9011.34\lib\idea_rt.jar=52275:C:\Users\singx\AppData\Local\JetBrains\Toolbox\apps\IDEA-U\ch-0\231.9011.34\bin -Dfile.encoding=UTF-8 
java_command: top.integer.gulimall.auth.controller.Main
java_class_path (initial): C:\Users\singx\OneDrive\Java\guli-mall\gulimall-auth-server\target\classes;C:\Users\singx\.m2\repository\org\springframework\boot\spring-boot-configuration-processor\2.7.11\spring-boot-configuration-processor-2.7.11.jar;C:\Users\singx\.m2\repository\org\springframework\cloud\spring-cloud-starter-loadbalancer\3.1.6\spring-cloud-starter-loadbalancer-3.1.6.jar;C:\Users\singx\.m2\repository\org\springframework\cloud\spring-cloud-starter\3.1.6\spring-cloud-starter-3.1.6.jar;C:\Users\singx\.m2\repository\org\springframework\cloud\spring-cloud-context\3.1.6\spring-cloud-context-3.1.6.jar;C:\Users\singx\.m2\repository\org\springframework\security\spring-security-rsa\1.0.11.RELEASE\spring-security-rsa-1.0.11.RELEASE.jar;C:\Users\singx\.m2\repository\org\bouncycastle\bcpkix-jdk15on\1.69\bcpkix-jdk15on-1.69.jar;C:\Users\singx\.m2\repository\org\bouncycastle\bcprov-jdk15on\1.69\bcprov-jdk15on-1.69.jar;C:\Users\singx\.m2\repository\org\bouncycastle\bcutil-jdk15on\1.69\bcutil-jdk15on-1.69.jar;C:\Users\singx\.m2\repository\org\springframework\cloud\spring-cloud-loadbalancer\3.1.6\spring-cloud-loadbalancer-3.1.6.jar;C:\Users\singx\.m2\repository\io\projectreactor\reactor-core\3.4.29\reactor-core-3.4.29.jar;C:\Users\singx\.m2\repository\org\reactivestreams\reactive-streams\1.0.4\reactive-streams-1.0.4.jar;C:\Users\singx\.m2\repository\io\projectreactor\addons\reactor-extra\3.4.10\reactor-extra-3.4.10.jar;C:\Users\singx\.m2\repository\org\springframework\boot\spring-boot-starter-cache\2.7.11\spring-boot-starter-cache-2.7.11.jar;C:\Users\singx\.m2\repository\org\springframework\spring-context-support\5.3.27\spring-context-support-5.3.27.jar;C:\Users\singx\.m2\repository\com\stoyanr\evictor\1.0.0\evictor-1.0.0.jar;C:\Users\singx\.m2\repository\org\springframework\cloud\spring-cloud-starter-openfeign\3.1.7\spring-cloud-starter-openfeign-3.1.7.jar;C:\Users\singx\.m2\repository\org\springframework\cloud\spring-cloud-openfeign-core\3.1.7\spring-cloud-openfeign-
Launcher Type: SUN_STANDARD

[Global flags]
     intx CICompilerCount                          = 4                                         {product} {ergonomic}
     uint ConcGCThreads                            = 3                                         {product} {ergonomic}
     uint G1ConcRefinementThreads                  = 10                                        {product} {ergonomic}
   size_t G1HeapRegionSize                         = 2097152                                   {product} {ergonomic}
    uintx GCDrainStackTargetSize                   = 64                                        {product} {ergonomic}
   size_t InitialHeapSize                          = 266338304                                 {product} {ergonomic}
   size_t MarkStackSize                            = 4194304                                   {product} {ergonomic}
   size_t MaxHeapSize                              = 4253024256                                {product} {ergonomic}
   size_t MaxNewSize                               = 2550136832                                {product} {ergonomic}
   size_t MinHeapDeltaBytes                        = 2097152                                   {product} {ergonomic}
   size_t MinHeapSize                              = 8388608                                   {product} {ergonomic}
    uintx NonNMethodCodeHeapSize                   = 5839372                                {pd product} {ergonomic}
    uintx NonProfiledCodeHeapSize                  = 122909434                              {pd product} {ergonomic}
    uintx ProfiledCodeHeapSize                     = 122909434                              {pd product} {ergonomic}
    uintx ReservedCodeCacheSize                    = 251658240                              {pd product} {ergonomic}
     bool SegmentedCodeCache                       = true                                      {product} {ergonomic}
   size_t SoftMaxHeapSize                          = 4253024256                             {manageable} {ergonomic}
     bool UseCompressedClassPointers               = true                           {product lp64_product} {ergonomic}
     bool UseCompressedOops                        = true                           {product lp64_product} {ergonomic}
     bool UseG1GC                                  = true                                      {product} {ergonomic}
     bool UseLargePagesIndividualAllocation        = false                                  {pd product} {ergonomic}

Logging:
Log output configuration:
 #0: stdout all=warning uptime,level,tags
 #1: stderr all=off uptime,level,tags

Environment Variables:
JAVA_HOME=C:\Program Files\Java\graalvm-ce-java17-22.3.2
PATH=C:\Program Files\Python311\Scripts\;C:\Program Files\Python311\;C:\WINDOWS\system32;C:\WINDOWS;C:\WINDOWS\System32\Wbem;C:\WINDOWS\System32\WindowsPowerShell\v1.0\;C:\WINDOWS\System32\OpenSSH\;C:\Program Files\Java\graalvm-ce-java17-22.3.2\bin;C:\Program Files\Gcc\bin;C:\Program Files\Apache Software Foundation\Maven\bin;C:\Program Files (x86)\NVIDIA Corporation\PhysX\Common;C:\Program Files\NVIDIA Corporation\NVIDIA NvDLISR;C:\Program Files (x86)\NetSarang\Xshell 7\;C:\Program Files\MySQL\MySQL Server 8.0\bin;C:\Users\singx\AppData\Roaming\nvm;C:\Program Files\nodejs;C:\Program Files\Docker\Docker\resources\bin;C:\Program Files\dotnet\;C:\Program Files\Nginx;C:\Program Files\Neovim\bin;C:\Program Files\PowerShell\7\;C:\Program Files\Pandoc\;C:\Program Files\Git\cmd;D:\VS\IDE\VC\Tools\MSVC\14.35.32215\bin\Hostx64\x64;C:\Users\singx\AppData\Local\Microsoft\WindowsApps;C:\Users\singx\AppData\Local\JetBrains\Toolbox\scripts;C:\Users\singx\AppData\Local\Programs\Microsoft VS Code\bin;C:\Users\singx\AppData\Roaming\npm;C:\Users\singx\AppData\Roaming\nvm;C:\Program Files\nodejs
USERNAME=singx
OS=Windows_NT
PROCESSOR_IDENTIFIER=Intel64 Family 6 Model 166 Stepping 0, GenuineIntel



---------------  S Y S T E M  ---------------

OS:
 Windows 11 , 64 bit Build 22621 (10.0.22621.1778)
OS uptime: 0 days 22:38 hours
Hyper-V role detected

CPU: total 12 (initial active 12) (6 cores per cpu, 2 threads per core) family 6 model 166 stepping 0 microcode 0xe0, cx8, cmov, fxsr, ht, mmx, 3dnowpref, sse, sse2, sse3, ssse3, sse4.1, sse4.2, popcnt, lzcnt, tsc, tscinvbit, avx, avx2, aes, erms, clmul, bmi1, bmi2, adx, fma, vzeroupper, clflush, clflushopt, hv

Memory: 4k page, system-wide physical 16220M (2106M free)
TotalPageFile size 37724M (AvailPageFile size 9547M)
current process WorkingSet (physical memory assigned to process): 50M, peak: 50M
current process commit charge ("private bytes"): 354M, peak: 354M

vm_info: Java HotSpot(TM) 64-Bit Server VM (17.0.5+9-LTS-191) for windows-amd64 JRE (17.0.5+9-LTS-191), built on Sep 13 2022 17:31:43 by "mach5one" with MS VC++ 16.8 / 16.9 (VS2019)

END.
